{"$message_type":"diagnostic","message":"failed to resolve: could not find `export` in `ic_cdk`","code":{"code":"E0433","explanation":"An undeclared crate, module, or type was used.\n\nErroneous code example:\n\n```compile_fail,E0433\nlet map = HashMap::new();\n// error: failed to resolve: use of undeclared type `HashMap`\n```\n\nPlease verify you didn't misspell the type/module's name or that you didn't\nforget to import it:\n\n```\nuse std::collections::HashMap; // HashMap has been imported.\nlet map: HashMap<u32, u32> = HashMap::new(); // So it can be used!\n```\n\nIf you've expected to use a crate name:\n\n```compile_fail\nuse ferris_wheel::BigO;\n// error: failed to resolve: use of undeclared crate or module `ferris_wheel`\n```\n\nMake sure the crate has been added as a dependency in `Cargo.toml`.\n\nTo use a module from your current crate, add the `crate::` prefix to the path.\n"},"level":"error","spans":[{"file_name":"backend/loans/src/lib.rs","byte_start":12,"byte_end":18,"line_start":1,"line_end":1,"column_start":13,"column_end":19,"is_primary":true,"text":[{"text":"use ic_cdk::export::candid::{CandidType, Principal};","highlight_start":13,"highlight_end":19}],"label":"could not find `export` in `ic_cdk`","suggested_replacement":null,"suggestion_applicability":null,"expansion":null}],"children":[],"rendered":"\u001b[0m\u001b[1m\u001b[38;5;9merror[E0433]\u001b[0m\u001b[0m\u001b[1m: failed to resolve: could not find `export` in `ic_cdk`\u001b[0m\n\u001b[0m \u001b[0m\u001b[0m\u001b[1m\u001b[38;5;12m--> \u001b[0m\u001b[0mbackend/loans/src/lib.rs:1:13\u001b[0m\n\u001b[0m  \u001b[0m\u001b[0m\u001b[1m\u001b[38;5;12m|\u001b[0m\n\u001b[0m\u001b[1m\u001b[38;5;12m1\u001b[0m\u001b[0m \u001b[0m\u001b[0m\u001b[1m\u001b[38;5;12m|\u001b[0m\u001b[0m \u001b[0m\u001b[0muse ic_cdk::export::candid::{CandidType, Principal};\u001b[0m\n\u001b[0m  \u001b[0m\u001b[0m\u001b[1m\u001b[38;5;12m|\u001b[0m\u001b[0m             \u001b[0m\u001b[0m\u001b[1m\u001b[38;5;9m^^^^^^\u001b[0m\u001b[0m \u001b[0m\u001b[0m\u001b[1m\u001b[38;5;9mcould not find `export` in `ic_cdk`\u001b[0m\n\n"}
{"$message_type":"diagnostic","message":"failed to resolve: could not find `candid` in the list of imported crates","code":{"code":"E0433","explanation":"An undeclared crate, module, or type was used.\n\nErroneous code example:\n\n```compile_fail,E0433\nlet map = HashMap::new();\n// error: failed to resolve: use of undeclared type `HashMap`\n```\n\nPlease verify you didn't misspell the type/module's name or that you didn't\nforget to import it:\n\n```\nuse std::collections::HashMap; // HashMap has been imported.\nlet map: HashMap<u32, u32> = HashMap::new(); // So it can be used!\n```\n\nIf you've expected to use a crate name:\n\n```compile_fail\nuse ferris_wheel::BigO;\n// error: failed to resolve: use of undeclared crate or module `ferris_wheel`\n```\n\nMake sure the crate has been added as a dependency in `Cargo.toml`.\n\nTo use a module from your current crate, add the `crate::` prefix to the path.\n"},"level":"error","spans":[{"file_name":"backend/loans/src/lib.rs","byte_start":1437,"byte_end":1446,"line_start":66,"line_end":66,"column_start":1,"column_end":10,"is_primary":true,"text":[{"text":"#[update]","highlight_start":1,"highlight_end":10}],"label":"could not find `candid` in the list of imported crates","suggested_replacement":null,"suggestion_applicability":null,"expansion":{"span":{"file_name":"backend/loans/src/lib.rs","byte_start":1437,"byte_end":1446,"line_start":66,"line_end":66,"column_start":1,"column_end":10,"is_primary":false,"text":[{"text":"#[update]","highlight_start":1,"highlight_end":10}],"label":null,"suggested_replacement":null,"suggestion_applicability":null,"expansion":null},"macro_decl_name":"#[update]","def_site_span":{"file_name":"/home/frank/.cargo/registry/src/index.crates.io-1949cf8c6b5b557f/ic-cdk-macros-0.13.2/src/lib.rs","byte_start":6125,"byte_end":6191,"line_start":226,"line_end":226,"column_start":1,"column_end":67,"is_primary":false,"text":[{"text":"pub fn update(attr: TokenStream, item: TokenStream) -> TokenStream {","highlight_start":1,"highlight_end":67}],"label":null,"suggested_replacement":null,"suggestion_applicability":null,"expansion":null}}}],"children":[],"rendered":"\u001b[0m\u001b[1m\u001b[38;5;9merror[E0433]\u001b[0m\u001b[0m\u001b[1m: failed to resolve: could not find `candid` in the list of imported crates\u001b[0m\n\u001b[0m  \u001b[0m\u001b[0m\u001b[1m\u001b[38;5;12m--> \u001b[0m\u001b[0mbackend/loans/src/lib.rs:66:1\u001b[0m\n\u001b[0m   \u001b[0m\u001b[0m\u001b[1m\u001b[38;5;12m|\u001b[0m\n\u001b[0m\u001b[1m\u001b[38;5;12m66\u001b[0m\u001b[0m \u001b[0m\u001b[0m\u001b[1m\u001b[38;5;12m|\u001b[0m\u001b[0m \u001b[0m\u001b[0m#[update]\u001b[0m\n\u001b[0m   \u001b[0m\u001b[0m\u001b[1m\u001b[38;5;12m|\u001b[0m\u001b[0m \u001b[0m\u001b[0m\u001b[1m\u001b[38;5;9m^^^^^^^^^\u001b[0m\u001b[0m \u001b[0m\u001b[0m\u001b[1m\u001b[38;5;9mcould not find `candid` in the list of imported crates\u001b[0m\n\u001b[0m   \u001b[0m\u001b[0m\u001b[1m\u001b[38;5;12m|\u001b[0m\n\u001b[0m   \u001b[0m\u001b[0m\u001b[1m\u001b[38;5;12m= \u001b[0m\u001b[0m\u001b[1mnote\u001b[0m\u001b[0m: this error originates in the attribute macro `update` (in Nightly builds, run with -Z macro-backtrace for more info)\u001b[0m\n\n"}
{"$message_type":"diagnostic","message":"failed to resolve: could not find `candid` in the list of imported crates","code":{"code":"E0433","explanation":"An undeclared crate, module, or type was used.\n\nErroneous code example:\n\n```compile_fail,E0433\nlet map = HashMap::new();\n// error: failed to resolve: use of undeclared type `HashMap`\n```\n\nPlease verify you didn't misspell the type/module's name or that you didn't\nforget to import it:\n\n```\nuse std::collections::HashMap; // HashMap has been imported.\nlet map: HashMap<u32, u32> = HashMap::new(); // So it can be used!\n```\n\nIf you've expected to use a crate name:\n\n```compile_fail\nuse ferris_wheel::BigO;\n// error: failed to resolve: use of undeclared crate or module `ferris_wheel`\n```\n\nMake sure the crate has been added as a dependency in `Cargo.toml`.\n\nTo use a module from your current crate, add the `crate::` prefix to the path.\n"},"level":"error","spans":[{"file_name":"backend/loans/src/lib.rs","byte_start":2412,"byte_end":2420,"line_start":99,"line_end":99,"column_start":1,"column_end":9,"is_primary":true,"text":[{"text":"#[query]","highlight_start":1,"highlight_end":9}],"label":"could not find `candid` in the list of imported crates","suggested_replacement":null,"suggestion_applicability":null,"expansion":{"span":{"file_name":"backend/loans/src/lib.rs","byte_start":2412,"byte_end":2420,"line_start":99,"line_end":99,"column_start":1,"column_end":9,"is_primary":false,"text":[{"text":"#[query]","highlight_start":1,"highlight_end":9}],"label":null,"suggested_replacement":null,"suggestion_applicability":null,"expansion":null},"macro_decl_name":"#[query]","def_site_span":{"file_name":"/home/frank/.cargo/registry/src/index.crates.io-1949cf8c6b5b557f/ic-cdk-macros-0.13.2/src/lib.rs","byte_start":4105,"byte_end":4170,"line_start":149,"line_end":149,"column_start":1,"column_end":66,"is_primary":false,"text":[{"text":"pub fn query(attr: TokenStream, item: TokenStream) -> TokenStream {","highlight_start":1,"highlight_end":66}],"label":null,"suggested_replacement":null,"suggestion_applicability":null,"expansion":null}}}],"children":[],"rendered":"\u001b[0m\u001b[1m\u001b[38;5;9merror[E0433]\u001b[0m\u001b[0m\u001b[1m: failed to resolve: could not find `candid` in the list of imported crates\u001b[0m\n\u001b[0m  \u001b[0m\u001b[0m\u001b[1m\u001b[38;5;12m--> \u001b[0m\u001b[0mbackend/loans/src/lib.rs:99:1\u001b[0m\n\u001b[0m   \u001b[0m\u001b[0m\u001b[1m\u001b[38;5;12m|\u001b[0m\n\u001b[0m\u001b[1m\u001b[38;5;12m99\u001b[0m\u001b[0m \u001b[0m\u001b[0m\u001b[1m\u001b[38;5;12m|\u001b[0m\u001b[0m \u001b[0m\u001b[0m#[query]\u001b[0m\n\u001b[0m   \u001b[0m\u001b[0m\u001b[1m\u001b[38;5;12m|\u001b[0m\u001b[0m \u001b[0m\u001b[0m\u001b[1m\u001b[38;5;9m^^^^^^^^\u001b[0m\u001b[0m \u001b[0m\u001b[0m\u001b[1m\u001b[38;5;9mcould not find `candid` in the list of imported crates\u001b[0m\n\u001b[0m   \u001b[0m\u001b[0m\u001b[1m\u001b[38;5;12m|\u001b[0m\n\u001b[0m   \u001b[0m\u001b[0m\u001b[1m\u001b[38;5;12m= \u001b[0m\u001b[0m\u001b[1mnote\u001b[0m\u001b[0m: this error originates in the attribute macro `query` (in Nightly builds, run with -Z macro-backtrace for more info)\u001b[0m\n\n"}
{"$message_type":"diagnostic","message":"failed to resolve: could not find `candid` in the list of imported crates","code":{"code":"E0433","explanation":"An undeclared crate, module, or type was used.\n\nErroneous code example:\n\n```compile_fail,E0433\nlet map = HashMap::new();\n// error: failed to resolve: use of undeclared type `HashMap`\n```\n\nPlease verify you didn't misspell the type/module's name or that you didn't\nforget to import it:\n\n```\nuse std::collections::HashMap; // HashMap has been imported.\nlet map: HashMap<u32, u32> = HashMap::new(); // So it can be used!\n```\n\nIf you've expected to use a crate name:\n\n```compile_fail\nuse ferris_wheel::BigO;\n// error: failed to resolve: use of undeclared crate or module `ferris_wheel`\n```\n\nMake sure the crate has been added as a dependency in `Cargo.toml`.\n\nTo use a module from your current crate, add the `crate::` prefix to the path.\n"},"level":"error","spans":[{"file_name":"backend/loans/src/lib.rs","byte_start":2688,"byte_end":2696,"line_start":112,"line_end":112,"column_start":1,"column_end":9,"is_primary":true,"text":[{"text":"#[query]","highlight_start":1,"highlight_end":9}],"label":"could not find `candid` in the list of imported crates","suggested_replacement":null,"suggestion_applicability":null,"expansion":{"span":{"file_name":"backend/loans/src/lib.rs","byte_start":2688,"byte_end":2696,"line_start":112,"line_end":112,"column_start":1,"column_end":9,"is_primary":false,"text":[{"text":"#[query]","highlight_start":1,"highlight_end":9}],"label":null,"suggested_replacement":null,"suggestion_applicability":null,"expansion":null},"macro_decl_name":"#[query]","def_site_span":{"file_name":"/home/frank/.cargo/registry/src/index.crates.io-1949cf8c6b5b557f/ic-cdk-macros-0.13.2/src/lib.rs","byte_start":4105,"byte_end":4170,"line_start":149,"line_end":149,"column_start":1,"column_end":66,"is_primary":false,"text":[{"text":"pub fn query(attr: TokenStream, item: TokenStream) -> TokenStream {","highlight_start":1,"highlight_end":66}],"label":null,"suggested_replacement":null,"suggestion_applicability":null,"expansion":null}}}],"children":[],"rendered":"\u001b[0m\u001b[1m\u001b[38;5;9merror[E0433]\u001b[0m\u001b[0m\u001b[1m: failed to resolve: could not find `candid` in the list of imported crates\u001b[0m\n\u001b[0m   \u001b[0m\u001b[0m\u001b[1m\u001b[38;5;12m--> \u001b[0m\u001b[0mbackend/loans/src/lib.rs:112:1\u001b[0m\n\u001b[0m    \u001b[0m\u001b[0m\u001b[1m\u001b[38;5;12m|\u001b[0m\n\u001b[0m\u001b[1m\u001b[38;5;12m112\u001b[0m\u001b[0m \u001b[0m\u001b[0m\u001b[1m\u001b[38;5;12m|\u001b[0m\u001b[0m \u001b[0m\u001b[0m#[query]\u001b[0m\n\u001b[0m    \u001b[0m\u001b[0m\u001b[1m\u001b[38;5;12m|\u001b[0m\u001b[0m \u001b[0m\u001b[0m\u001b[1m\u001b[38;5;9m^^^^^^^^\u001b[0m\u001b[0m \u001b[0m\u001b[0m\u001b[1m\u001b[38;5;9mcould not find `candid` in the list of imported crates\u001b[0m\n\u001b[0m    \u001b[0m\u001b[0m\u001b[1m\u001b[38;5;12m|\u001b[0m\n\u001b[0m    \u001b[0m\u001b[0m\u001b[1m\u001b[38;5;12m= \u001b[0m\u001b[0m\u001b[1mnote\u001b[0m\u001b[0m: this error originates in the attribute macro `query` (in Nightly builds, run with -Z macro-backtrace for more info)\u001b[0m\n\n"}
{"$message_type":"diagnostic","message":"failed to resolve: could not find `candid` in the list of imported crates","code":{"code":"E0433","explanation":"An undeclared crate, module, or type was used.\n\nErroneous code example:\n\n```compile_fail,E0433\nlet map = HashMap::new();\n// error: failed to resolve: use of undeclared type `HashMap`\n```\n\nPlease verify you didn't misspell the type/module's name or that you didn't\nforget to import it:\n\n```\nuse std::collections::HashMap; // HashMap has been imported.\nlet map: HashMap<u32, u32> = HashMap::new(); // So it can be used!\n```\n\nIf you've expected to use a crate name:\n\n```compile_fail\nuse ferris_wheel::BigO;\n// error: failed to resolve: use of undeclared crate or module `ferris_wheel`\n```\n\nMake sure the crate has been added as a dependency in `Cargo.toml`.\n\nTo use a module from your current crate, add the `crate::` prefix to the path.\n"},"level":"error","spans":[{"file_name":"backend/loans/src/lib.rs","byte_start":2818,"byte_end":2827,"line_start":117,"line_end":117,"column_start":1,"column_end":10,"is_primary":true,"text":[{"text":"#[update]","highlight_start":1,"highlight_end":10}],"label":"could not find `candid` in the list of imported crates","suggested_replacement":null,"suggestion_applicability":null,"expansion":{"span":{"file_name":"backend/loans/src/lib.rs","byte_start":2818,"byte_end":2827,"line_start":117,"line_end":117,"column_start":1,"column_end":10,"is_primary":false,"text":[{"text":"#[update]","highlight_start":1,"highlight_end":10}],"label":null,"suggested_replacement":null,"suggestion_applicability":null,"expansion":null},"macro_decl_name":"#[update]","def_site_span":{"file_name":"/home/frank/.cargo/registry/src/index.crates.io-1949cf8c6b5b557f/ic-cdk-macros-0.13.2/src/lib.rs","byte_start":6125,"byte_end":6191,"line_start":226,"line_end":226,"column_start":1,"column_end":67,"is_primary":false,"text":[{"text":"pub fn update(attr: TokenStream, item: TokenStream) -> TokenStream {","highlight_start":1,"highlight_end":67}],"label":null,"suggested_replacement":null,"suggestion_applicability":null,"expansion":null}}}],"children":[],"rendered":"\u001b[0m\u001b[1m\u001b[38;5;9merror[E0433]\u001b[0m\u001b[0m\u001b[1m: failed to resolve: could not find `candid` in the list of imported crates\u001b[0m\n\u001b[0m   \u001b[0m\u001b[0m\u001b[1m\u001b[38;5;12m--> \u001b[0m\u001b[0mbackend/loans/src/lib.rs:117:1\u001b[0m\n\u001b[0m    \u001b[0m\u001b[0m\u001b[1m\u001b[38;5;12m|\u001b[0m\n\u001b[0m\u001b[1m\u001b[38;5;12m117\u001b[0m\u001b[0m \u001b[0m\u001b[0m\u001b[1m\u001b[38;5;12m|\u001b[0m\u001b[0m \u001b[0m\u001b[0m#[update]\u001b[0m\n\u001b[0m    \u001b[0m\u001b[0m\u001b[1m\u001b[38;5;12m|\u001b[0m\u001b[0m \u001b[0m\u001b[0m\u001b[1m\u001b[38;5;9m^^^^^^^^^\u001b[0m\u001b[0m \u001b[0m\u001b[0m\u001b[1m\u001b[38;5;9mcould not find `candid` in the list of imported crates\u001b[0m\n\u001b[0m    \u001b[0m\u001b[0m\u001b[1m\u001b[38;5;12m|\u001b[0m\n\u001b[0m    \u001b[0m\u001b[0m\u001b[1m\u001b[38;5;12m= \u001b[0m\u001b[0m\u001b[1mnote\u001b[0m\u001b[0m: this error originates in the attribute macro `update` (in Nightly builds, run with -Z macro-backtrace for more info)\u001b[0m\n\n"}
{"$message_type":"diagnostic","message":"failed to resolve: could not find `candid` in the list of imported crates","code":{"code":"E0433","explanation":"An undeclared crate, module, or type was used.\n\nErroneous code example:\n\n```compile_fail,E0433\nlet map = HashMap::new();\n// error: failed to resolve: use of undeclared type `HashMap`\n```\n\nPlease verify you didn't misspell the type/module's name or that you didn't\nforget to import it:\n\n```\nuse std::collections::HashMap; // HashMap has been imported.\nlet map: HashMap<u32, u32> = HashMap::new(); // So it can be used!\n```\n\nIf you've expected to use a crate name:\n\n```compile_fail\nuse ferris_wheel::BigO;\n// error: failed to resolve: use of undeclared crate or module `ferris_wheel`\n```\n\nMake sure the crate has been added as a dependency in `Cargo.toml`.\n\nTo use a module from your current crate, add the `crate::` prefix to the path.\n"},"level":"error","spans":[{"file_name":"backend/loans/src/lib.rs","byte_start":3296,"byte_end":3305,"line_start":134,"line_end":134,"column_start":1,"column_end":10,"is_primary":true,"text":[{"text":"#[update]","highlight_start":1,"highlight_end":10}],"label":"could not find `candid` in the list of imported crates","suggested_replacement":null,"suggestion_applicability":null,"expansion":{"span":{"file_name":"backend/loans/src/lib.rs","byte_start":3296,"byte_end":3305,"line_start":134,"line_end":134,"column_start":1,"column_end":10,"is_primary":false,"text":[{"text":"#[update]","highlight_start":1,"highlight_end":10}],"label":null,"suggested_replacement":null,"suggestion_applicability":null,"expansion":null},"macro_decl_name":"#[update]","def_site_span":{"file_name":"/home/frank/.cargo/registry/src/index.crates.io-1949cf8c6b5b557f/ic-cdk-macros-0.13.2/src/lib.rs","byte_start":6125,"byte_end":6191,"line_start":226,"line_end":226,"column_start":1,"column_end":67,"is_primary":false,"text":[{"text":"pub fn update(attr: TokenStream, item: TokenStream) -> TokenStream {","highlight_start":1,"highlight_end":67}],"label":null,"suggested_replacement":null,"suggestion_applicability":null,"expansion":null}}}],"children":[],"rendered":"\u001b[0m\u001b[1m\u001b[38;5;9merror[E0433]\u001b[0m\u001b[0m\u001b[1m: failed to resolve: could not find `candid` in the list of imported crates\u001b[0m\n\u001b[0m   \u001b[0m\u001b[0m\u001b[1m\u001b[38;5;12m--> \u001b[0m\u001b[0mbackend/loans/src/lib.rs:134:1\u001b[0m\n\u001b[0m    \u001b[0m\u001b[0m\u001b[1m\u001b[38;5;12m|\u001b[0m\n\u001b[0m\u001b[1m\u001b[38;5;12m134\u001b[0m\u001b[0m \u001b[0m\u001b[0m\u001b[1m\u001b[38;5;12m|\u001b[0m\u001b[0m \u001b[0m\u001b[0m#[update]\u001b[0m\n\u001b[0m    \u001b[0m\u001b[0m\u001b[1m\u001b[38;5;12m|\u001b[0m\u001b[0m \u001b[0m\u001b[0m\u001b[1m\u001b[38;5;9m^^^^^^^^^\u001b[0m\u001b[0m \u001b[0m\u001b[0m\u001b[1m\u001b[38;5;9mcould not find `candid` in the list of imported crates\u001b[0m\n\u001b[0m    \u001b[0m\u001b[0m\u001b[1m\u001b[38;5;12m|\u001b[0m\n\u001b[0m    \u001b[0m\u001b[0m\u001b[1m\u001b[38;5;12m= \u001b[0m\u001b[0m\u001b[1mnote\u001b[0m\u001b[0m: this error originates in the attribute macro `update` (in Nightly builds, run with -Z macro-backtrace for more info)\u001b[0m\n\n"}
{"$message_type":"diagnostic","message":"failed to resolve: could not find `candid` in the list of imported crates","code":{"code":"E0433","explanation":"An undeclared crate, module, or type was used.\n\nErroneous code example:\n\n```compile_fail,E0433\nlet map = HashMap::new();\n// error: failed to resolve: use of undeclared type `HashMap`\n```\n\nPlease verify you didn't misspell the type/module's name or that you didn't\nforget to import it:\n\n```\nuse std::collections::HashMap; // HashMap has been imported.\nlet map: HashMap<u32, u32> = HashMap::new(); // So it can be used!\n```\n\nIf you've expected to use a crate name:\n\n```compile_fail\nuse ferris_wheel::BigO;\n// error: failed to resolve: use of undeclared crate or module `ferris_wheel`\n```\n\nMake sure the crate has been added as a dependency in `Cargo.toml`.\n\nTo use a module from your current crate, add the `crate::` prefix to the path.\n"},"level":"error","spans":[{"file_name":"backend/loans/src/lib.rs","byte_start":3675,"byte_end":3684,"line_start":149,"line_end":149,"column_start":1,"column_end":10,"is_primary":true,"text":[{"text":"#[update]","highlight_start":1,"highlight_end":10}],"label":"could not find `candid` in the list of imported crates","suggested_replacement":null,"suggestion_applicability":null,"expansion":{"span":{"file_name":"backend/loans/src/lib.rs","byte_start":3675,"byte_end":3684,"line_start":149,"line_end":149,"column_start":1,"column_end":10,"is_primary":false,"text":[{"text":"#[update]","highlight_start":1,"highlight_end":10}],"label":null,"suggested_replacement":null,"suggestion_applicability":null,"expansion":null},"macro_decl_name":"#[update]","def_site_span":{"file_name":"/home/frank/.cargo/registry/src/index.crates.io-1949cf8c6b5b557f/ic-cdk-macros-0.13.2/src/lib.rs","byte_start":6125,"byte_end":6191,"line_start":226,"line_end":226,"column_start":1,"column_end":67,"is_primary":false,"text":[{"text":"pub fn update(attr: TokenStream, item: TokenStream) -> TokenStream {","highlight_start":1,"highlight_end":67}],"label":null,"suggested_replacement":null,"suggestion_applicability":null,"expansion":null}}}],"children":[],"rendered":"\u001b[0m\u001b[1m\u001b[38;5;9merror[E0433]\u001b[0m\u001b[0m\u001b[1m: failed to resolve: could not find `candid` in the list of imported crates\u001b[0m\n\u001b[0m   \u001b[0m\u001b[0m\u001b[1m\u001b[38;5;12m--> \u001b[0m\u001b[0mbackend/loans/src/lib.rs:149:1\u001b[0m\n\u001b[0m    \u001b[0m\u001b[0m\u001b[1m\u001b[38;5;12m|\u001b[0m\n\u001b[0m\u001b[1m\u001b[38;5;12m149\u001b[0m\u001b[0m \u001b[0m\u001b[0m\u001b[1m\u001b[38;5;12m|\u001b[0m\u001b[0m \u001b[0m\u001b[0m#[update]\u001b[0m\n\u001b[0m    \u001b[0m\u001b[0m\u001b[1m\u001b[38;5;12m|\u001b[0m\u001b[0m \u001b[0m\u001b[0m\u001b[1m\u001b[38;5;9m^^^^^^^^^\u001b[0m\u001b[0m \u001b[0m\u001b[0m\u001b[1m\u001b[38;5;9mcould not find `candid` in the list of imported crates\u001b[0m\n\u001b[0m    \u001b[0m\u001b[0m\u001b[1m\u001b[38;5;12m|\u001b[0m\n\u001b[0m    \u001b[0m\u001b[0m\u001b[1m\u001b[38;5;12m= \u001b[0m\u001b[0m\u001b[1mnote\u001b[0m\u001b[0m: this error originates in the attribute macro `update` (in Nightly builds, run with -Z macro-backtrace for more info)\u001b[0m\n\n"}
{"$message_type":"diagnostic","message":"failed to resolve: could not find `candid` in the list of imported crates","code":{"code":"E0433","explanation":"An undeclared crate, module, or type was used.\n\nErroneous code example:\n\n```compile_fail,E0433\nlet map = HashMap::new();\n// error: failed to resolve: use of undeclared type `HashMap`\n```\n\nPlease verify you didn't misspell the type/module's name or that you didn't\nforget to import it:\n\n```\nuse std::collections::HashMap; // HashMap has been imported.\nlet map: HashMap<u32, u32> = HashMap::new(); // So it can be used!\n```\n\nIf you've expected to use a crate name:\n\n```compile_fail\nuse ferris_wheel::BigO;\n// error: failed to resolve: use of undeclared crate or module `ferris_wheel`\n```\n\nMake sure the crate has been added as a dependency in `Cargo.toml`.\n\nTo use a module from your current crate, add the `crate::` prefix to the path.\n"},"level":"error","spans":[{"file_name":"backend/loans/src/lib.rs","byte_start":4530,"byte_end":4538,"line_start":179,"line_end":179,"column_start":1,"column_end":9,"is_primary":true,"text":[{"text":"#[query]","highlight_start":1,"highlight_end":9}],"label":"could not find `candid` in the list of imported crates","suggested_replacement":null,"suggestion_applicability":null,"expansion":{"span":{"file_name":"backend/loans/src/lib.rs","byte_start":4530,"byte_end":4538,"line_start":179,"line_end":179,"column_start":1,"column_end":9,"is_primary":false,"text":[{"text":"#[query]","highlight_start":1,"highlight_end":9}],"label":null,"suggested_replacement":null,"suggestion_applicability":null,"expansion":null},"macro_decl_name":"#[query]","def_site_span":{"file_name":"/home/frank/.cargo/registry/src/index.crates.io-1949cf8c6b5b557f/ic-cdk-macros-0.13.2/src/lib.rs","byte_start":4105,"byte_end":4170,"line_start":149,"line_end":149,"column_start":1,"column_end":66,"is_primary":false,"text":[{"text":"pub fn query(attr: TokenStream, item: TokenStream) -> TokenStream {","highlight_start":1,"highlight_end":66}],"label":null,"suggested_replacement":null,"suggestion_applicability":null,"expansion":null}}}],"children":[],"rendered":"\u001b[0m\u001b[1m\u001b[38;5;9merror[E0433]\u001b[0m\u001b[0m\u001b[1m: failed to resolve: could not find `candid` in the list of imported crates\u001b[0m\n\u001b[0m   \u001b[0m\u001b[0m\u001b[1m\u001b[38;5;12m--> \u001b[0m\u001b[0mbackend/loans/src/lib.rs:179:1\u001b[0m\n\u001b[0m    \u001b[0m\u001b[0m\u001b[1m\u001b[38;5;12m|\u001b[0m\n\u001b[0m\u001b[1m\u001b[38;5;12m179\u001b[0m\u001b[0m \u001b[0m\u001b[0m\u001b[1m\u001b[38;5;12m|\u001b[0m\u001b[0m \u001b[0m\u001b[0m#[query]\u001b[0m\n\u001b[0m    \u001b[0m\u001b[0m\u001b[1m\u001b[38;5;12m|\u001b[0m\u001b[0m \u001b[0m\u001b[0m\u001b[1m\u001b[38;5;9m^^^^^^^^\u001b[0m\u001b[0m \u001b[0m\u001b[0m\u001b[1m\u001b[38;5;9mcould not find `candid` in the list of imported crates\u001b[0m\n\u001b[0m    \u001b[0m\u001b[0m\u001b[1m\u001b[38;5;12m|\u001b[0m\n\u001b[0m    \u001b[0m\u001b[0m\u001b[1m\u001b[38;5;12m= \u001b[0m\u001b[0m\u001b[1mnote\u001b[0m\u001b[0m: this error originates in the attribute macro `query` (in Nightly builds, run with -Z macro-backtrace for more info)\u001b[0m\n\n"}
{"$message_type":"diagnostic","message":"failed to resolve: could not find `candid` in the list of imported crates","code":{"code":"E0433","explanation":"An undeclared crate, module, or type was used.\n\nErroneous code example:\n\n```compile_fail,E0433\nlet map = HashMap::new();\n// error: failed to resolve: use of undeclared type `HashMap`\n```\n\nPlease verify you didn't misspell the type/module's name or that you didn't\nforget to import it:\n\n```\nuse std::collections::HashMap; // HashMap has been imported.\nlet map: HashMap<u32, u32> = HashMap::new(); // So it can be used!\n```\n\nIf you've expected to use a crate name:\n\n```compile_fail\nuse ferris_wheel::BigO;\n// error: failed to resolve: use of undeclared crate or module `ferris_wheel`\n```\n\nMake sure the crate has been added as a dependency in `Cargo.toml`.\n\nTo use a module from your current crate, add the `crate::` prefix to the path.\n"},"level":"error","spans":[{"file_name":"backend/loans/src/lib.rs","byte_start":4797,"byte_end":4805,"line_start":191,"line_end":191,"column_start":1,"column_end":9,"is_primary":true,"text":[{"text":"#[query]","highlight_start":1,"highlight_end":9}],"label":"could not find `candid` in the list of imported crates","suggested_replacement":null,"suggestion_applicability":null,"expansion":{"span":{"file_name":"backend/loans/src/lib.rs","byte_start":4797,"byte_end":4805,"line_start":191,"line_end":191,"column_start":1,"column_end":9,"is_primary":false,"text":[{"text":"#[query]","highlight_start":1,"highlight_end":9}],"label":null,"suggested_replacement":null,"suggestion_applicability":null,"expansion":null},"macro_decl_name":"#[query]","def_site_span":{"file_name":"/home/frank/.cargo/registry/src/index.crates.io-1949cf8c6b5b557f/ic-cdk-macros-0.13.2/src/lib.rs","byte_start":4105,"byte_end":4170,"line_start":149,"line_end":149,"column_start":1,"column_end":66,"is_primary":false,"text":[{"text":"pub fn query(attr: TokenStream, item: TokenStream) -> TokenStream {","highlight_start":1,"highlight_end":66}],"label":null,"suggested_replacement":null,"suggestion_applicability":null,"expansion":null}}}],"children":[],"rendered":"\u001b[0m\u001b[1m\u001b[38;5;9merror[E0433]\u001b[0m\u001b[0m\u001b[1m: failed to resolve: could not find `candid` in the list of imported crates\u001b[0m\n\u001b[0m   \u001b[0m\u001b[0m\u001b[1m\u001b[38;5;12m--> \u001b[0m\u001b[0mbackend/loans/src/lib.rs:191:1\u001b[0m\n\u001b[0m    \u001b[0m\u001b[0m\u001b[1m\u001b[38;5;12m|\u001b[0m\n\u001b[0m\u001b[1m\u001b[38;5;12m191\u001b[0m\u001b[0m \u001b[0m\u001b[0m\u001b[1m\u001b[38;5;12m|\u001b[0m\u001b[0m \u001b[0m\u001b[0m#[query]\u001b[0m\n\u001b[0m    \u001b[0m\u001b[0m\u001b[1m\u001b[38;5;12m|\u001b[0m\u001b[0m \u001b[0m\u001b[0m\u001b[1m\u001b[38;5;9m^^^^^^^^\u001b[0m\u001b[0m \u001b[0m\u001b[0m\u001b[1m\u001b[38;5;9mcould not find `candid` in the list of imported crates\u001b[0m\n\u001b[0m    \u001b[0m\u001b[0m\u001b[1m\u001b[38;5;12m|\u001b[0m\n\u001b[0m    \u001b[0m\u001b[0m\u001b[1m\u001b[38;5;12m= \u001b[0m\u001b[0m\u001b[1mnote\u001b[0m\u001b[0m: this error originates in the attribute macro `query` (in Nightly builds, run with -Z macro-backtrace for more info)\u001b[0m\n\n"}
{"$message_type":"diagnostic","message":"`await` is only allowed inside `async` functions and blocks","code":{"code":"E0728","explanation":"[`await`] has been used outside [`async`] function or [`async`] block.\n\nErroneous code example:\n\n```edition2018,compile_fail,E0728\n# use std::pin::Pin;\n# use std::future::Future;\n# use std::task::{Context, Poll};\n#\n# struct WakeOnceThenComplete(bool);\n#\n# fn wake_and_yield_once() -> WakeOnceThenComplete {\n#     WakeOnceThenComplete(false)\n# }\n#\n# impl Future for WakeOnceThenComplete {\n#     type Output = ();\n#     fn poll(mut self: Pin<&mut Self>, cx: &mut Context<'_>) -> Poll<()> {\n#         if self.0 {\n#             Poll::Ready(())\n#         } else {\n#             cx.waker().wake_by_ref();\n#             self.0 = true;\n#             Poll::Pending\n#         }\n#     }\n# }\n#\nfn foo() {\n    wake_and_yield_once().await // `await` is used outside `async` context\n}\n```\n\n[`await`] is used to suspend the current computation until the given\nfuture is ready to produce a value. So it is legal only within\nan [`async`] context, like an `async` function or an `async` block.\n\n```edition2018\n# use std::pin::Pin;\n# use std::future::Future;\n# use std::task::{Context, Poll};\n#\n# struct WakeOnceThenComplete(bool);\n#\n# fn wake_and_yield_once() -> WakeOnceThenComplete {\n#     WakeOnceThenComplete(false)\n# }\n#\n# impl Future for WakeOnceThenComplete {\n#     type Output = ();\n#     fn poll(mut self: Pin<&mut Self>, cx: &mut Context<'_>) -> Poll<()> {\n#         if self.0 {\n#             Poll::Ready(())\n#         } else {\n#             cx.waker().wake_by_ref();\n#             self.0 = true;\n#             Poll::Pending\n#         }\n#     }\n# }\n#\nasync fn foo() {\n    wake_and_yield_once().await // `await` is used within `async` function\n}\n\nfn bar(x: u8) -> impl Future<Output = u8> {\n    async move {\n        wake_and_yield_once().await; // `await` is used within `async` block\n        x\n    }\n}\n```\n\n[`async`]: https://doc.rust-lang.org/std/keyword.async.html\n[`await`]: https://doc.rust-lang.org/std/keyword.await.html\n"},"level":"error","spans":[{"file_name":"backend/loans/src/lib.rs","byte_start":5126,"byte_end":5131,"line_start":199,"line_end":199,"column_start":7,"column_end":12,"is_primary":true,"text":[{"text":"    ).await.unwrap_or(0);","highlight_start":7,"highlight_end":12}],"label":"only allowed inside `async` functions and blocks","suggested_replacement":null,"suggestion_applicability":null,"expansion":null},{"file_name":"backend/loans/src/lib.rs","byte_start":4806,"byte_end":4839,"line_start":192,"line_end":192,"column_start":1,"column_end":34,"is_primary":false,"text":[{"text":"fn calculate_eligibility() -> f64 {","highlight_start":1,"highlight_end":34}],"label":"this is not `async`","suggested_replacement":null,"suggestion_applicability":null,"expansion":null}],"children":[],"rendered":"\u001b[0m\u001b[1m\u001b[38;5;9merror[E0728]\u001b[0m\u001b[0m\u001b[1m: `await` is only allowed inside `async` functions and blocks\u001b[0m\n\u001b[0m   \u001b[0m\u001b[0m\u001b[1m\u001b[38;5;12m--> \u001b[0m\u001b[0mbackend/loans/src/lib.rs:199:7\u001b[0m\n\u001b[0m    \u001b[0m\u001b[0m\u001b[1m\u001b[38;5;12m|\u001b[0m\n\u001b[0m\u001b[1m\u001b[38;5;12m192\u001b[0m\u001b[0m \u001b[0m\u001b[0m\u001b[1m\u001b[38;5;12m|\u001b[0m\u001b[0m \u001b[0m\u001b[0mfn calculate_eligibility() -> f64 {\u001b[0m\n\u001b[0m    \u001b[0m\u001b[0m\u001b[1m\u001b[38;5;12m|\u001b[0m\u001b[0m \u001b[0m\u001b[0m\u001b[1m\u001b[38;5;12m---------------------------------\u001b[0m\u001b[0m \u001b[0m\u001b[0m\u001b[1m\u001b[38;5;12mthis is not `async`\u001b[0m\n\u001b[0m\u001b[1m\u001b[38;5;12m...\u001b[0m\n\u001b[0m\u001b[1m\u001b[38;5;12m199\u001b[0m\u001b[0m \u001b[0m\u001b[0m\u001b[1m\u001b[38;5;12m|\u001b[0m\u001b[0m \u001b[0m\u001b[0m    ).await.unwrap_or(0);\u001b[0m\n\u001b[0m    \u001b[0m\u001b[0m\u001b[1m\u001b[38;5;12m|\u001b[0m\u001b[0m       \u001b[0m\u001b[0m\u001b[1m\u001b[38;5;9m^^^^^\u001b[0m\u001b[0m \u001b[0m\u001b[0m\u001b[1m\u001b[38;5;9monly allowed inside `async` functions and blocks\u001b[0m\n\n"}
{"$message_type":"diagnostic","message":"the trait bound `LoanType: candid::types::CandidType` is not satisfied","code":{"code":"E0277","explanation":"You tried to use a type which doesn't implement some trait in a place which\nexpected that trait.\n\nErroneous code example:\n\n```compile_fail,E0277\n// here we declare the Foo trait with a bar method\ntrait Foo {\n    fn bar(&self);\n}\n\n// we now declare a function which takes an object implementing the Foo trait\nfn some_func<T: Foo>(foo: T) {\n    foo.bar();\n}\n\nfn main() {\n    // we now call the method with the i32 type, which doesn't implement\n    // the Foo trait\n    some_func(5i32); // error: the trait bound `i32 : Foo` is not satisfied\n}\n```\n\nIn order to fix this error, verify that the type you're using does implement\nthe trait. Example:\n\n```\ntrait Foo {\n    fn bar(&self);\n}\n\n// we implement the trait on the i32 type\nimpl Foo for i32 {\n    fn bar(&self) {}\n}\n\nfn some_func<T: Foo>(foo: T) {\n    foo.bar(); // we can now use this method since i32 implements the\n               // Foo trait\n}\n\nfn main() {\n    some_func(5i32); // ok!\n}\n```\n\nOr in a generic context, an erroneous code example would look like:\n\n```compile_fail,E0277\nfn some_func<T>(foo: T) {\n    println!(\"{:?}\", foo); // error: the trait `core::fmt::Debug` is not\n                           //        implemented for the type `T`\n}\n\nfn main() {\n    // We now call the method with the i32 type,\n    // which *does* implement the Debug trait.\n    some_func(5i32);\n}\n```\n\nNote that the error here is in the definition of the generic function. Although\nwe only call it with a parameter that does implement `Debug`, the compiler\nstill rejects the function. It must work with all possible input types. In\norder to make this example compile, we need to restrict the generic type we're\naccepting:\n\n```\nuse std::fmt;\n\n// Restrict the input type to types that implement Debug.\nfn some_func<T: fmt::Debug>(foo: T) {\n    println!(\"{:?}\", foo);\n}\n\nfn main() {\n    // Calling the method is still fine, as i32 implements Debug.\n    some_func(5i32);\n\n    // This would fail to compile now:\n    // struct WithoutDebug;\n    // some_func(WithoutDebug);\n}\n```\n\nRust only looks at the signature of the called function, as such it must\nalready specify all requirements that will be used for every type parameter.\n"},"level":"error","spans":[{"file_name":"backend/loans/src/lib.rs","byte_start":1437,"byte_end":1446,"line_start":66,"line_end":66,"column_start":1,"column_end":10,"is_primary":true,"text":[{"text":"#[update]","highlight_start":1,"highlight_end":10}],"label":"the trait `candid::types::CandidType` is not implemented for `LoanType`","suggested_replacement":null,"suggestion_applicability":null,"expansion":{"span":{"file_name":"backend/loans/src/lib.rs","byte_start":1437,"byte_end":1446,"line_start":66,"line_end":66,"column_start":1,"column_end":10,"is_primary":false,"text":[{"text":"#[update]","highlight_start":1,"highlight_end":10}],"label":null,"suggested_replacement":null,"suggestion_applicability":null,"expansion":null},"macro_decl_name":"#[update]","def_site_span":{"file_name":"/home/frank/.cargo/registry/src/index.crates.io-1949cf8c6b5b557f/ic-cdk-macros-0.13.2/src/lib.rs","byte_start":6125,"byte_end":6191,"line_start":226,"line_end":226,"column_start":1,"column_end":67,"is_primary":false,"text":[{"text":"pub fn update(attr: TokenStream, item: TokenStream) -> TokenStream {","highlight_start":1,"highlight_end":67}],"label":null,"suggested_replacement":null,"suggestion_applicability":null,"expansion":null}}}],"children":[{"message":"the following other types implement trait `candid::types::CandidType`:\n  &T\n  &mut T\n  ()\n  (T0, T1)\n  (T0, T1, T2)\n  (T0, T1, T2, T3)\n  (T0, T1, T2, T3, T4)\n  (T0, T1, T2, T3, T4, T5)\nand 116 others","code":null,"level":"help","spans":[],"children":[],"rendered":null},{"message":"required for `(f64, u8, LoanType)` to implement `for<'a> candid::utils::ArgumentDecoder<'a>`","code":null,"level":"note","spans":[],"children":[],"rendered":null},{"message":"required by a bound in `arg_data`","code":null,"level":"note","spans":[{"file_name":"/home/frank/.cargo/registry/src/index.crates.io-1949cf8c6b5b557f/ic-cdk-0.13.5/src/api/call.rs","byte_start":28884,"byte_end":28911,"line_start":758,"line_end":758,"column_start":20,"column_end":47,"is_primary":true,"text":[{"text":"pub fn arg_data<R: for<'a> ArgumentDecoder<'a>>(arg_config: ArgDecoderConfig) -> R {","highlight_start":20,"highlight_end":47}],"label":"required by this bound in `arg_data`","suggested_replacement":null,"suggestion_applicability":null,"expansion":null}],"children":[],"rendered":null}],"rendered":"\u001b[0m\u001b[1m\u001b[38;5;9merror[E0277]\u001b[0m\u001b[0m\u001b[1m: the trait bound `LoanType: candid::types::CandidType` is not satisfied\u001b[0m\n\u001b[0m   \u001b[0m\u001b[0m\u001b[1m\u001b[38;5;12m--> \u001b[0m\u001b[0mbackend/loans/src/lib.rs:66:1\u001b[0m\n\u001b[0m    \u001b[0m\u001b[0m\u001b[1m\u001b[38;5;12m|\u001b[0m\n\u001b[0m\u001b[1m\u001b[38;5;12m66\u001b[0m\u001b[0m  \u001b[0m\u001b[0m\u001b[1m\u001b[38;5;12m|\u001b[0m\u001b[0m \u001b[0m\u001b[0m#[update]\u001b[0m\n\u001b[0m    \u001b[0m\u001b[0m\u001b[1m\u001b[38;5;12m|\u001b[0m\u001b[0m \u001b[0m\u001b[0m\u001b[1m\u001b[38;5;9m^^^^^^^^^\u001b[0m\u001b[0m \u001b[0m\u001b[0m\u001b[1m\u001b[38;5;9mthe trait `candid::types::CandidType` is not implemented for `LoanType`\u001b[0m\n\u001b[0m    \u001b[0m\u001b[0m\u001b[1m\u001b[38;5;12m|\u001b[0m\n\u001b[0m    \u001b[0m\u001b[0m\u001b[1m\u001b[38;5;12m= \u001b[0m\u001b[0m\u001b[1mhelp\u001b[0m\u001b[0m: the following other types implement trait `candid::types::CandidType`:\u001b[0m\n\u001b[0m              &T\u001b[0m\n\u001b[0m              &mut T\u001b[0m\n\u001b[0m              ()\u001b[0m\n\u001b[0m              (T0, T1)\u001b[0m\n\u001b[0m              (T0, T1, T2)\u001b[0m\n\u001b[0m              (T0, T1, T2, T3)\u001b[0m\n\u001b[0m              (T0, T1, T2, T3, T4)\u001b[0m\n\u001b[0m              (T0, T1, T2, T3, T4, T5)\u001b[0m\n\u001b[0m            and 116 others\u001b[0m\n\u001b[0m    \u001b[0m\u001b[0m\u001b[1m\u001b[38;5;12m= \u001b[0m\u001b[0m\u001b[1mnote\u001b[0m\u001b[0m: required for `(f64, u8, LoanType)` to implement `for<'a> candid::utils::ArgumentDecoder<'a>`\u001b[0m\n\u001b[0m\u001b[1m\u001b[38;5;10mnote\u001b[0m\u001b[0m: required by a bound in `arg_data`\u001b[0m\n\u001b[0m   \u001b[0m\u001b[0m\u001b[1m\u001b[38;5;12m--> \u001b[0m\u001b[0m/home/frank/.cargo/registry/src/index.crates.io-1949cf8c6b5b557f/ic-cdk-0.13.5/src/api/call.rs:758:20\u001b[0m\n\u001b[0m    \u001b[0m\u001b[0m\u001b[1m\u001b[38;5;12m|\u001b[0m\n\u001b[0m\u001b[1m\u001b[38;5;12m758\u001b[0m\u001b[0m \u001b[0m\u001b[0m\u001b[1m\u001b[38;5;12m|\u001b[0m\u001b[0m \u001b[0m\u001b[0mpub fn arg_data<R: for<'a> ArgumentDecoder<'a>>(arg_config: ArgDecoderConfig) -> R {\u001b[0m\n\u001b[0m    \u001b[0m\u001b[0m\u001b[1m\u001b[38;5;12m|\u001b[0m\u001b[0m                    \u001b[0m\u001b[0m\u001b[1m\u001b[38;5;10m^^^^^^^^^^^^^^^^^^^^^^^^^^^\u001b[0m\u001b[0m \u001b[0m\u001b[0m\u001b[1m\u001b[38;5;10mrequired by this bound in `arg_data`\u001b[0m\n\u001b[0m    \u001b[0m\u001b[0m\u001b[1m\u001b[38;5;12m= \u001b[0m\u001b[0m\u001b[1mnote\u001b[0m\u001b[0m: this error originates in the attribute macro `update` (in Nightly builds, run with -Z macro-backtrace for more info)\u001b[0m\n\n"}
{"$message_type":"diagnostic","message":"the trait bound `LoanApplication: candid::types::CandidType` is not satisfied","code":{"code":"E0277","explanation":"You tried to use a type which doesn't implement some trait in a place which\nexpected that trait.\n\nErroneous code example:\n\n```compile_fail,E0277\n// here we declare the Foo trait with a bar method\ntrait Foo {\n    fn bar(&self);\n}\n\n// we now declare a function which takes an object implementing the Foo trait\nfn some_func<T: Foo>(foo: T) {\n    foo.bar();\n}\n\nfn main() {\n    // we now call the method with the i32 type, which doesn't implement\n    // the Foo trait\n    some_func(5i32); // error: the trait bound `i32 : Foo` is not satisfied\n}\n```\n\nIn order to fix this error, verify that the type you're using does implement\nthe trait. Example:\n\n```\ntrait Foo {\n    fn bar(&self);\n}\n\n// we implement the trait on the i32 type\nimpl Foo for i32 {\n    fn bar(&self) {}\n}\n\nfn some_func<T: Foo>(foo: T) {\n    foo.bar(); // we can now use this method since i32 implements the\n               // Foo trait\n}\n\nfn main() {\n    some_func(5i32); // ok!\n}\n```\n\nOr in a generic context, an erroneous code example would look like:\n\n```compile_fail,E0277\nfn some_func<T>(foo: T) {\n    println!(\"{:?}\", foo); // error: the trait `core::fmt::Debug` is not\n                           //        implemented for the type `T`\n}\n\nfn main() {\n    // We now call the method with the i32 type,\n    // which *does* implement the Debug trait.\n    some_func(5i32);\n}\n```\n\nNote that the error here is in the definition of the generic function. Although\nwe only call it with a parameter that does implement `Debug`, the compiler\nstill rejects the function. It must work with all possible input types. In\norder to make this example compile, we need to restrict the generic type we're\naccepting:\n\n```\nuse std::fmt;\n\n// Restrict the input type to types that implement Debug.\nfn some_func<T: fmt::Debug>(foo: T) {\n    println!(\"{:?}\", foo);\n}\n\nfn main() {\n    // Calling the method is still fine, as i32 implements Debug.\n    some_func(5i32);\n\n    // This would fail to compile now:\n    // struct WithoutDebug;\n    // some_func(WithoutDebug);\n}\n```\n\nRust only looks at the signature of the called function, as such it must\nalready specify all requirements that will be used for every type parameter.\n"},"level":"error","spans":[{"file_name":"backend/loans/src/lib.rs","byte_start":1437,"byte_end":1446,"line_start":66,"line_end":66,"column_start":1,"column_end":10,"is_primary":true,"text":[{"text":"#[update]","highlight_start":1,"highlight_end":10}],"label":"the trait `candid::types::CandidType` is not implemented for `LoanApplication`","suggested_replacement":null,"suggestion_applicability":null,"expansion":{"span":{"file_name":"backend/loans/src/lib.rs","byte_start":1437,"byte_end":1446,"line_start":66,"line_end":66,"column_start":1,"column_end":10,"is_primary":false,"text":[{"text":"#[update]","highlight_start":1,"highlight_end":10}],"label":null,"suggested_replacement":null,"suggestion_applicability":null,"expansion":null},"macro_decl_name":"#[update]","def_site_span":{"file_name":"/home/frank/.cargo/registry/src/index.crates.io-1949cf8c6b5b557f/ic-cdk-macros-0.13.2/src/lib.rs","byte_start":6125,"byte_end":6191,"line_start":226,"line_end":226,"column_start":1,"column_end":67,"is_primary":false,"text":[{"text":"pub fn update(attr: TokenStream, item: TokenStream) -> TokenStream {","highlight_start":1,"highlight_end":67}],"label":null,"suggested_replacement":null,"suggestion_applicability":null,"expansion":null}}}],"children":[{"message":"the following other types implement trait `candid::types::CandidType`:\n  &T\n  &mut T\n  ()\n  (T0, T1)\n  (T0, T1, T2)\n  (T0, T1, T2, T3)\n  (T0, T1, T2, T3, T4)\n  (T0, T1, T2, T3, T4, T5)\nand 116 others","code":null,"level":"help","spans":[],"children":[],"rendered":null},{"message":"required for `(LoanApplication,)` to implement `candid::utils::ArgumentEncoder`","code":null,"level":"note","spans":[],"children":[],"rendered":null},{"message":"required by a bound in `reply`","code":null,"level":"note","spans":[{"file_name":"/home/frank/.cargo/registry/src/index.crates.io-1949cf8c6b5b557f/ic-cdk-0.13.5/src/api/call.rs","byte_start":23670,"byte_end":23685,"line_start":622,"line_end":622,"column_start":17,"column_end":32,"is_primary":true,"text":[{"text":"pub fn reply<T: ArgumentEncoder>(reply: T) {","highlight_start":17,"highlight_end":32}],"label":"required by this bound in `reply`","suggested_replacement":null,"suggestion_applicability":null,"expansion":null}],"children":[],"rendered":null}],"rendered":"\u001b[0m\u001b[1m\u001b[38;5;9merror[E0277]\u001b[0m\u001b[0m\u001b[1m: the trait bound `LoanApplication: candid::types::CandidType` is not satisfied\u001b[0m\n\u001b[0m   \u001b[0m\u001b[0m\u001b[1m\u001b[38;5;12m--> \u001b[0m\u001b[0mbackend/loans/src/lib.rs:66:1\u001b[0m\n\u001b[0m    \u001b[0m\u001b[0m\u001b[1m\u001b[38;5;12m|\u001b[0m\n\u001b[0m\u001b[1m\u001b[38;5;12m66\u001b[0m\u001b[0m  \u001b[0m\u001b[0m\u001b[1m\u001b[38;5;12m|\u001b[0m\u001b[0m \u001b[0m\u001b[0m#[update]\u001b[0m\n\u001b[0m    \u001b[0m\u001b[0m\u001b[1m\u001b[38;5;12m|\u001b[0m\u001b[0m \u001b[0m\u001b[0m\u001b[1m\u001b[38;5;9m^^^^^^^^^\u001b[0m\u001b[0m \u001b[0m\u001b[0m\u001b[1m\u001b[38;5;9mthe trait `candid::types::CandidType` is not implemented for `LoanApplication`\u001b[0m\n\u001b[0m    \u001b[0m\u001b[0m\u001b[1m\u001b[38;5;12m|\u001b[0m\n\u001b[0m    \u001b[0m\u001b[0m\u001b[1m\u001b[38;5;12m= \u001b[0m\u001b[0m\u001b[1mhelp\u001b[0m\u001b[0m: the following other types implement trait `candid::types::CandidType`:\u001b[0m\n\u001b[0m              &T\u001b[0m\n\u001b[0m              &mut T\u001b[0m\n\u001b[0m              ()\u001b[0m\n\u001b[0m              (T0, T1)\u001b[0m\n\u001b[0m              (T0, T1, T2)\u001b[0m\n\u001b[0m              (T0, T1, T2, T3)\u001b[0m\n\u001b[0m              (T0, T1, T2, T3, T4)\u001b[0m\n\u001b[0m              (T0, T1, T2, T3, T4, T5)\u001b[0m\n\u001b[0m            and 116 others\u001b[0m\n\u001b[0m    \u001b[0m\u001b[0m\u001b[1m\u001b[38;5;12m= \u001b[0m\u001b[0m\u001b[1mnote\u001b[0m\u001b[0m: required for `(LoanApplication,)` to implement `candid::utils::ArgumentEncoder`\u001b[0m\n\u001b[0m\u001b[1m\u001b[38;5;10mnote\u001b[0m\u001b[0m: required by a bound in `reply`\u001b[0m\n\u001b[0m   \u001b[0m\u001b[0m\u001b[1m\u001b[38;5;12m--> \u001b[0m\u001b[0m/home/frank/.cargo/registry/src/index.crates.io-1949cf8c6b5b557f/ic-cdk-0.13.5/src/api/call.rs:622:17\u001b[0m\n\u001b[0m    \u001b[0m\u001b[0m\u001b[1m\u001b[38;5;12m|\u001b[0m\n\u001b[0m\u001b[1m\u001b[38;5;12m622\u001b[0m\u001b[0m \u001b[0m\u001b[0m\u001b[1m\u001b[38;5;12m|\u001b[0m\u001b[0m \u001b[0m\u001b[0mpub fn reply<T: ArgumentEncoder>(reply: T) {\u001b[0m\n\u001b[0m    \u001b[0m\u001b[0m\u001b[1m\u001b[38;5;12m|\u001b[0m\u001b[0m                 \u001b[0m\u001b[0m\u001b[1m\u001b[38;5;10m^^^^^^^^^^^^^^^\u001b[0m\u001b[0m \u001b[0m\u001b[0m\u001b[1m\u001b[38;5;10mrequired by this bound in `reply`\u001b[0m\n\u001b[0m    \u001b[0m\u001b[0m\u001b[1m\u001b[38;5;12m= \u001b[0m\u001b[0m\u001b[1mnote\u001b[0m\u001b[0m: this error originates in the attribute macro `update` (in Nightly builds, run with -Z macro-backtrace for more info)\u001b[0m\n\n"}
{"$message_type":"diagnostic","message":"the trait bound `LoanApplication: candid::types::CandidType` is not satisfied","code":{"code":"E0277","explanation":"You tried to use a type which doesn't implement some trait in a place which\nexpected that trait.\n\nErroneous code example:\n\n```compile_fail,E0277\n// here we declare the Foo trait with a bar method\ntrait Foo {\n    fn bar(&self);\n}\n\n// we now declare a function which takes an object implementing the Foo trait\nfn some_func<T: Foo>(foo: T) {\n    foo.bar();\n}\n\nfn main() {\n    // we now call the method with the i32 type, which doesn't implement\n    // the Foo trait\n    some_func(5i32); // error: the trait bound `i32 : Foo` is not satisfied\n}\n```\n\nIn order to fix this error, verify that the type you're using does implement\nthe trait. Example:\n\n```\ntrait Foo {\n    fn bar(&self);\n}\n\n// we implement the trait on the i32 type\nimpl Foo for i32 {\n    fn bar(&self) {}\n}\n\nfn some_func<T: Foo>(foo: T) {\n    foo.bar(); // we can now use this method since i32 implements the\n               // Foo trait\n}\n\nfn main() {\n    some_func(5i32); // ok!\n}\n```\n\nOr in a generic context, an erroneous code example would look like:\n\n```compile_fail,E0277\nfn some_func<T>(foo: T) {\n    println!(\"{:?}\", foo); // error: the trait `core::fmt::Debug` is not\n                           //        implemented for the type `T`\n}\n\nfn main() {\n    // We now call the method with the i32 type,\n    // which *does* implement the Debug trait.\n    some_func(5i32);\n}\n```\n\nNote that the error here is in the definition of the generic function. Although\nwe only call it with a parameter that does implement `Debug`, the compiler\nstill rejects the function. It must work with all possible input types. In\norder to make this example compile, we need to restrict the generic type we're\naccepting:\n\n```\nuse std::fmt;\n\n// Restrict the input type to types that implement Debug.\nfn some_func<T: fmt::Debug>(foo: T) {\n    println!(\"{:?}\", foo);\n}\n\nfn main() {\n    // Calling the method is still fine, as i32 implements Debug.\n    some_func(5i32);\n\n    // This would fail to compile now:\n    // struct WithoutDebug;\n    // some_func(WithoutDebug);\n}\n```\n\nRust only looks at the signature of the called function, as such it must\nalready specify all requirements that will be used for every type parameter.\n"},"level":"error","spans":[{"file_name":"backend/loans/src/lib.rs","byte_start":2412,"byte_end":2420,"line_start":99,"line_end":99,"column_start":1,"column_end":9,"is_primary":true,"text":[{"text":"#[query]","highlight_start":1,"highlight_end":9}],"label":"the trait `candid::types::CandidType` is not implemented for `LoanApplication`","suggested_replacement":null,"suggestion_applicability":null,"expansion":{"span":{"file_name":"backend/loans/src/lib.rs","byte_start":2412,"byte_end":2420,"line_start":99,"line_end":99,"column_start":1,"column_end":9,"is_primary":false,"text":[{"text":"#[query]","highlight_start":1,"highlight_end":9}],"label":null,"suggested_replacement":null,"suggestion_applicability":null,"expansion":null},"macro_decl_name":"#[query]","def_site_span":{"file_name":"/home/frank/.cargo/registry/src/index.crates.io-1949cf8c6b5b557f/ic-cdk-macros-0.13.2/src/lib.rs","byte_start":4105,"byte_end":4170,"line_start":149,"line_end":149,"column_start":1,"column_end":66,"is_primary":false,"text":[{"text":"pub fn query(attr: TokenStream, item: TokenStream) -> TokenStream {","highlight_start":1,"highlight_end":66}],"label":null,"suggested_replacement":null,"suggestion_applicability":null,"expansion":null}}}],"children":[{"message":"the following other types implement trait `candid::types::CandidType`:\n  &T\n  &mut T\n  ()\n  (T0, T1)\n  (T0, T1, T2)\n  (T0, T1, T2, T3)\n  (T0, T1, T2, T3, T4)\n  (T0, T1, T2, T3, T4, T5)\nand 116 others","code":null,"level":"help","spans":[],"children":[],"rendered":null},{"message":"required for `Vec<LoanApplication>` to implement `candid::types::CandidType`","code":null,"level":"note","spans":[],"children":[],"rendered":null},{"message":"required for `(Vec<LoanApplication>,)` to implement `candid::utils::ArgumentEncoder`","code":null,"level":"note","spans":[],"children":[],"rendered":null},{"message":"required by a bound in `reply`","code":null,"level":"note","spans":[{"file_name":"/home/frank/.cargo/registry/src/index.crates.io-1949cf8c6b5b557f/ic-cdk-0.13.5/src/api/call.rs","byte_start":23670,"byte_end":23685,"line_start":622,"line_end":622,"column_start":17,"column_end":32,"is_primary":true,"text":[{"text":"pub fn reply<T: ArgumentEncoder>(reply: T) {","highlight_start":17,"highlight_end":32}],"label":"required by this bound in `reply`","suggested_replacement":null,"suggestion_applicability":null,"expansion":null}],"children":[],"rendered":null}],"rendered":"\u001b[0m\u001b[1m\u001b[38;5;9merror[E0277]\u001b[0m\u001b[0m\u001b[1m: the trait bound `LoanApplication: candid::types::CandidType` is not satisfied\u001b[0m\n\u001b[0m   \u001b[0m\u001b[0m\u001b[1m\u001b[38;5;12m--> \u001b[0m\u001b[0mbackend/loans/src/lib.rs:99:1\u001b[0m\n\u001b[0m    \u001b[0m\u001b[0m\u001b[1m\u001b[38;5;12m|\u001b[0m\n\u001b[0m\u001b[1m\u001b[38;5;12m99\u001b[0m\u001b[0m  \u001b[0m\u001b[0m\u001b[1m\u001b[38;5;12m|\u001b[0m\u001b[0m \u001b[0m\u001b[0m#[query]\u001b[0m\n\u001b[0m    \u001b[0m\u001b[0m\u001b[1m\u001b[38;5;12m|\u001b[0m\u001b[0m \u001b[0m\u001b[0m\u001b[1m\u001b[38;5;9m^^^^^^^^\u001b[0m\u001b[0m \u001b[0m\u001b[0m\u001b[1m\u001b[38;5;9mthe trait `candid::types::CandidType` is not implemented for `LoanApplication`\u001b[0m\n\u001b[0m    \u001b[0m\u001b[0m\u001b[1m\u001b[38;5;12m|\u001b[0m\n\u001b[0m    \u001b[0m\u001b[0m\u001b[1m\u001b[38;5;12m= \u001b[0m\u001b[0m\u001b[1mhelp\u001b[0m\u001b[0m: the following other types implement trait `candid::types::CandidType`:\u001b[0m\n\u001b[0m              &T\u001b[0m\n\u001b[0m              &mut T\u001b[0m\n\u001b[0m              ()\u001b[0m\n\u001b[0m              (T0, T1)\u001b[0m\n\u001b[0m              (T0, T1, T2)\u001b[0m\n\u001b[0m              (T0, T1, T2, T3)\u001b[0m\n\u001b[0m              (T0, T1, T2, T3, T4)\u001b[0m\n\u001b[0m              (T0, T1, T2, T3, T4, T5)\u001b[0m\n\u001b[0m            and 116 others\u001b[0m\n\u001b[0m    \u001b[0m\u001b[0m\u001b[1m\u001b[38;5;12m= \u001b[0m\u001b[0m\u001b[1mnote\u001b[0m\u001b[0m: required for `Vec<LoanApplication>` to implement `candid::types::CandidType`\u001b[0m\n\u001b[0m    \u001b[0m\u001b[0m\u001b[1m\u001b[38;5;12m= \u001b[0m\u001b[0m\u001b[1mnote\u001b[0m\u001b[0m: required for `(Vec<LoanApplication>,)` to implement `candid::utils::ArgumentEncoder`\u001b[0m\n\u001b[0m\u001b[1m\u001b[38;5;10mnote\u001b[0m\u001b[0m: required by a bound in `reply`\u001b[0m\n\u001b[0m   \u001b[0m\u001b[0m\u001b[1m\u001b[38;5;12m--> \u001b[0m\u001b[0m/home/frank/.cargo/registry/src/index.crates.io-1949cf8c6b5b557f/ic-cdk-0.13.5/src/api/call.rs:622:17\u001b[0m\n\u001b[0m    \u001b[0m\u001b[0m\u001b[1m\u001b[38;5;12m|\u001b[0m\n\u001b[0m\u001b[1m\u001b[38;5;12m622\u001b[0m\u001b[0m \u001b[0m\u001b[0m\u001b[1m\u001b[38;5;12m|\u001b[0m\u001b[0m \u001b[0m\u001b[0mpub fn reply<T: ArgumentEncoder>(reply: T) {\u001b[0m\n\u001b[0m    \u001b[0m\u001b[0m\u001b[1m\u001b[38;5;12m|\u001b[0m\u001b[0m                 \u001b[0m\u001b[0m\u001b[1m\u001b[38;5;10m^^^^^^^^^^^^^^^\u001b[0m\u001b[0m \u001b[0m\u001b[0m\u001b[1m\u001b[38;5;10mrequired by this bound in `reply`\u001b[0m\n\u001b[0m    \u001b[0m\u001b[0m\u001b[1m\u001b[38;5;12m= \u001b[0m\u001b[0m\u001b[1mnote\u001b[0m\u001b[0m: this error originates in the attribute macro `query` (in Nightly builds, run with -Z macro-backtrace for more info)\u001b[0m\n\n"}
{"$message_type":"diagnostic","message":"the trait bound `LoanApplication: candid::types::CandidType` is not satisfied","code":{"code":"E0277","explanation":"You tried to use a type which doesn't implement some trait in a place which\nexpected that trait.\n\nErroneous code example:\n\n```compile_fail,E0277\n// here we declare the Foo trait with a bar method\ntrait Foo {\n    fn bar(&self);\n}\n\n// we now declare a function which takes an object implementing the Foo trait\nfn some_func<T: Foo>(foo: T) {\n    foo.bar();\n}\n\nfn main() {\n    // we now call the method with the i32 type, which doesn't implement\n    // the Foo trait\n    some_func(5i32); // error: the trait bound `i32 : Foo` is not satisfied\n}\n```\n\nIn order to fix this error, verify that the type you're using does implement\nthe trait. Example:\n\n```\ntrait Foo {\n    fn bar(&self);\n}\n\n// we implement the trait on the i32 type\nimpl Foo for i32 {\n    fn bar(&self) {}\n}\n\nfn some_func<T: Foo>(foo: T) {\n    foo.bar(); // we can now use this method since i32 implements the\n               // Foo trait\n}\n\nfn main() {\n    some_func(5i32); // ok!\n}\n```\n\nOr in a generic context, an erroneous code example would look like:\n\n```compile_fail,E0277\nfn some_func<T>(foo: T) {\n    println!(\"{:?}\", foo); // error: the trait `core::fmt::Debug` is not\n                           //        implemented for the type `T`\n}\n\nfn main() {\n    // We now call the method with the i32 type,\n    // which *does* implement the Debug trait.\n    some_func(5i32);\n}\n```\n\nNote that the error here is in the definition of the generic function. Although\nwe only call it with a parameter that does implement `Debug`, the compiler\nstill rejects the function. It must work with all possible input types. In\norder to make this example compile, we need to restrict the generic type we're\naccepting:\n\n```\nuse std::fmt;\n\n// Restrict the input type to types that implement Debug.\nfn some_func<T: fmt::Debug>(foo: T) {\n    println!(\"{:?}\", foo);\n}\n\nfn main() {\n    // Calling the method is still fine, as i32 implements Debug.\n    some_func(5i32);\n\n    // This would fail to compile now:\n    // struct WithoutDebug;\n    // some_func(WithoutDebug);\n}\n```\n\nRust only looks at the signature of the called function, as such it must\nalready specify all requirements that will be used for every type parameter.\n"},"level":"error","spans":[{"file_name":"backend/loans/src/lib.rs","byte_start":2688,"byte_end":2696,"line_start":112,"line_end":112,"column_start":1,"column_end":9,"is_primary":true,"text":[{"text":"#[query]","highlight_start":1,"highlight_end":9}],"label":"the trait `candid::types::CandidType` is not implemented for `LoanApplication`","suggested_replacement":null,"suggestion_applicability":null,"expansion":{"span":{"file_name":"backend/loans/src/lib.rs","byte_start":2688,"byte_end":2696,"line_start":112,"line_end":112,"column_start":1,"column_end":9,"is_primary":false,"text":[{"text":"#[query]","highlight_start":1,"highlight_end":9}],"label":null,"suggested_replacement":null,"suggestion_applicability":null,"expansion":null},"macro_decl_name":"#[query]","def_site_span":{"file_name":"/home/frank/.cargo/registry/src/index.crates.io-1949cf8c6b5b557f/ic-cdk-macros-0.13.2/src/lib.rs","byte_start":4105,"byte_end":4170,"line_start":149,"line_end":149,"column_start":1,"column_end":66,"is_primary":false,"text":[{"text":"pub fn query(attr: TokenStream, item: TokenStream) -> TokenStream {","highlight_start":1,"highlight_end":66}],"label":null,"suggested_replacement":null,"suggestion_applicability":null,"expansion":null}}}],"children":[{"message":"the following other types implement trait `candid::types::CandidType`:\n  &T\n  &mut T\n  ()\n  (T0, T1)\n  (T0, T1, T2)\n  (T0, T1, T2, T3)\n  (T0, T1, T2, T3, T4)\n  (T0, T1, T2, T3, T4, T5)\nand 116 others","code":null,"level":"help","spans":[],"children":[],"rendered":null},{"message":"required for `std::option::Option<LoanApplication>` to implement `candid::types::CandidType`","code":null,"level":"note","spans":[],"children":[],"rendered":null},{"message":"required for `(std::option::Option<LoanApplication>,)` to implement `candid::utils::ArgumentEncoder`","code":null,"level":"note","spans":[],"children":[],"rendered":null},{"message":"required by a bound in `reply`","code":null,"level":"note","spans":[{"file_name":"/home/frank/.cargo/registry/src/index.crates.io-1949cf8c6b5b557f/ic-cdk-0.13.5/src/api/call.rs","byte_start":23670,"byte_end":23685,"line_start":622,"line_end":622,"column_start":17,"column_end":32,"is_primary":true,"text":[{"text":"pub fn reply<T: ArgumentEncoder>(reply: T) {","highlight_start":17,"highlight_end":32}],"label":"required by this bound in `reply`","suggested_replacement":null,"suggestion_applicability":null,"expansion":null}],"children":[],"rendered":null}],"rendered":"\u001b[0m\u001b[1m\u001b[38;5;9merror[E0277]\u001b[0m\u001b[0m\u001b[1m: the trait bound `LoanApplication: candid::types::CandidType` is not satisfied\u001b[0m\n\u001b[0m   \u001b[0m\u001b[0m\u001b[1m\u001b[38;5;12m--> \u001b[0m\u001b[0mbackend/loans/src/lib.rs:112:1\u001b[0m\n\u001b[0m    \u001b[0m\u001b[0m\u001b[1m\u001b[38;5;12m|\u001b[0m\n\u001b[0m\u001b[1m\u001b[38;5;12m112\u001b[0m\u001b[0m \u001b[0m\u001b[0m\u001b[1m\u001b[38;5;12m|\u001b[0m\u001b[0m \u001b[0m\u001b[0m#[query]\u001b[0m\n\u001b[0m    \u001b[0m\u001b[0m\u001b[1m\u001b[38;5;12m|\u001b[0m\u001b[0m \u001b[0m\u001b[0m\u001b[1m\u001b[38;5;9m^^^^^^^^\u001b[0m\u001b[0m \u001b[0m\u001b[0m\u001b[1m\u001b[38;5;9mthe trait `candid::types::CandidType` is not implemented for `LoanApplication`\u001b[0m\n\u001b[0m    \u001b[0m\u001b[0m\u001b[1m\u001b[38;5;12m|\u001b[0m\n\u001b[0m    \u001b[0m\u001b[0m\u001b[1m\u001b[38;5;12m= \u001b[0m\u001b[0m\u001b[1mhelp\u001b[0m\u001b[0m: the following other types implement trait `candid::types::CandidType`:\u001b[0m\n\u001b[0m              &T\u001b[0m\n\u001b[0m              &mut T\u001b[0m\n\u001b[0m              ()\u001b[0m\n\u001b[0m              (T0, T1)\u001b[0m\n\u001b[0m              (T0, T1, T2)\u001b[0m\n\u001b[0m              (T0, T1, T2, T3)\u001b[0m\n\u001b[0m              (T0, T1, T2, T3, T4)\u001b[0m\n\u001b[0m              (T0, T1, T2, T3, T4, T5)\u001b[0m\n\u001b[0m            and 116 others\u001b[0m\n\u001b[0m    \u001b[0m\u001b[0m\u001b[1m\u001b[38;5;12m= \u001b[0m\u001b[0m\u001b[1mnote\u001b[0m\u001b[0m: required for `std::option::Option<LoanApplication>` to implement `candid::types::CandidType`\u001b[0m\n\u001b[0m    \u001b[0m\u001b[0m\u001b[1m\u001b[38;5;12m= \u001b[0m\u001b[0m\u001b[1mnote\u001b[0m\u001b[0m: required for `(std::option::Option<LoanApplication>,)` to implement `candid::utils::ArgumentEncoder`\u001b[0m\n\u001b[0m\u001b[1m\u001b[38;5;10mnote\u001b[0m\u001b[0m: required by a bound in `reply`\u001b[0m\n\u001b[0m   \u001b[0m\u001b[0m\u001b[1m\u001b[38;5;12m--> \u001b[0m\u001b[0m/home/frank/.cargo/registry/src/index.crates.io-1949cf8c6b5b557f/ic-cdk-0.13.5/src/api/call.rs:622:17\u001b[0m\n\u001b[0m    \u001b[0m\u001b[0m\u001b[1m\u001b[38;5;12m|\u001b[0m\n\u001b[0m\u001b[1m\u001b[38;5;12m622\u001b[0m\u001b[0m \u001b[0m\u001b[0m\u001b[1m\u001b[38;5;12m|\u001b[0m\u001b[0m \u001b[0m\u001b[0mpub fn reply<T: ArgumentEncoder>(reply: T) {\u001b[0m\n\u001b[0m    \u001b[0m\u001b[0m\u001b[1m\u001b[38;5;12m|\u001b[0m\u001b[0m                 \u001b[0m\u001b[0m\u001b[1m\u001b[38;5;10m^^^^^^^^^^^^^^^\u001b[0m\u001b[0m \u001b[0m\u001b[0m\u001b[1m\u001b[38;5;10mrequired by this bound in `reply`\u001b[0m\n\u001b[0m    \u001b[0m\u001b[0m\u001b[1m\u001b[38;5;12m= \u001b[0m\u001b[0m\u001b[1mnote\u001b[0m\u001b[0m: this error originates in the attribute macro `query` (in Nightly builds, run with -Z macro-backtrace for more info)\u001b[0m\n\n"}
{"$message_type":"diagnostic","message":"the trait bound `LoanApplication: candid::types::CandidType` is not satisfied","code":{"code":"E0277","explanation":"You tried to use a type which doesn't implement some trait in a place which\nexpected that trait.\n\nErroneous code example:\n\n```compile_fail,E0277\n// here we declare the Foo trait with a bar method\ntrait Foo {\n    fn bar(&self);\n}\n\n// we now declare a function which takes an object implementing the Foo trait\nfn some_func<T: Foo>(foo: T) {\n    foo.bar();\n}\n\nfn main() {\n    // we now call the method with the i32 type, which doesn't implement\n    // the Foo trait\n    some_func(5i32); // error: the trait bound `i32 : Foo` is not satisfied\n}\n```\n\nIn order to fix this error, verify that the type you're using does implement\nthe trait. Example:\n\n```\ntrait Foo {\n    fn bar(&self);\n}\n\n// we implement the trait on the i32 type\nimpl Foo for i32 {\n    fn bar(&self) {}\n}\n\nfn some_func<T: Foo>(foo: T) {\n    foo.bar(); // we can now use this method since i32 implements the\n               // Foo trait\n}\n\nfn main() {\n    some_func(5i32); // ok!\n}\n```\n\nOr in a generic context, an erroneous code example would look like:\n\n```compile_fail,E0277\nfn some_func<T>(foo: T) {\n    println!(\"{:?}\", foo); // error: the trait `core::fmt::Debug` is not\n                           //        implemented for the type `T`\n}\n\nfn main() {\n    // We now call the method with the i32 type,\n    // which *does* implement the Debug trait.\n    some_func(5i32);\n}\n```\n\nNote that the error here is in the definition of the generic function. Although\nwe only call it with a parameter that does implement `Debug`, the compiler\nstill rejects the function. It must work with all possible input types. In\norder to make this example compile, we need to restrict the generic type we're\naccepting:\n\n```\nuse std::fmt;\n\n// Restrict the input type to types that implement Debug.\nfn some_func<T: fmt::Debug>(foo: T) {\n    println!(\"{:?}\", foo);\n}\n\nfn main() {\n    // Calling the method is still fine, as i32 implements Debug.\n    some_func(5i32);\n\n    // This would fail to compile now:\n    // struct WithoutDebug;\n    // some_func(WithoutDebug);\n}\n```\n\nRust only looks at the signature of the called function, as such it must\nalready specify all requirements that will be used for every type parameter.\n"},"level":"error","spans":[{"file_name":"backend/loans/src/lib.rs","byte_start":2818,"byte_end":2827,"line_start":117,"line_end":117,"column_start":1,"column_end":10,"is_primary":true,"text":[{"text":"#[update]","highlight_start":1,"highlight_end":10}],"label":"the trait `candid::types::CandidType` is not implemented for `LoanApplication`","suggested_replacement":null,"suggestion_applicability":null,"expansion":{"span":{"file_name":"backend/loans/src/lib.rs","byte_start":2818,"byte_end":2827,"line_start":117,"line_end":117,"column_start":1,"column_end":10,"is_primary":false,"text":[{"text":"#[update]","highlight_start":1,"highlight_end":10}],"label":null,"suggested_replacement":null,"suggestion_applicability":null,"expansion":null},"macro_decl_name":"#[update]","def_site_span":{"file_name":"/home/frank/.cargo/registry/src/index.crates.io-1949cf8c6b5b557f/ic-cdk-macros-0.13.2/src/lib.rs","byte_start":6125,"byte_end":6191,"line_start":226,"line_end":226,"column_start":1,"column_end":67,"is_primary":false,"text":[{"text":"pub fn update(attr: TokenStream, item: TokenStream) -> TokenStream {","highlight_start":1,"highlight_end":67}],"label":null,"suggested_replacement":null,"suggestion_applicability":null,"expansion":null}}}],"children":[{"message":"the following other types implement trait `candid::types::CandidType`:\n  &T\n  &mut T\n  ()\n  (T0, T1)\n  (T0, T1, T2)\n  (T0, T1, T2, T3)\n  (T0, T1, T2, T3, T4)\n  (T0, T1, T2, T3, T4, T5)\nand 116 others","code":null,"level":"help","spans":[],"children":[],"rendered":null},{"message":"required for `(LoanApplication,)` to implement `candid::utils::ArgumentEncoder`","code":null,"level":"note","spans":[],"children":[],"rendered":null},{"message":"required by a bound in `reply`","code":null,"level":"note","spans":[{"file_name":"/home/frank/.cargo/registry/src/index.crates.io-1949cf8c6b5b557f/ic-cdk-0.13.5/src/api/call.rs","byte_start":23670,"byte_end":23685,"line_start":622,"line_end":622,"column_start":17,"column_end":32,"is_primary":true,"text":[{"text":"pub fn reply<T: ArgumentEncoder>(reply: T) {","highlight_start":17,"highlight_end":32}],"label":"required by this bound in `reply`","suggested_replacement":null,"suggestion_applicability":null,"expansion":null}],"children":[],"rendered":null}],"rendered":"\u001b[0m\u001b[1m\u001b[38;5;9merror[E0277]\u001b[0m\u001b[0m\u001b[1m: the trait bound `LoanApplication: candid::types::CandidType` is not satisfied\u001b[0m\n\u001b[0m   \u001b[0m\u001b[0m\u001b[1m\u001b[38;5;12m--> \u001b[0m\u001b[0mbackend/loans/src/lib.rs:117:1\u001b[0m\n\u001b[0m    \u001b[0m\u001b[0m\u001b[1m\u001b[38;5;12m|\u001b[0m\n\u001b[0m\u001b[1m\u001b[38;5;12m117\u001b[0m\u001b[0m \u001b[0m\u001b[0m\u001b[1m\u001b[38;5;12m|\u001b[0m\u001b[0m \u001b[0m\u001b[0m#[update]\u001b[0m\n\u001b[0m    \u001b[0m\u001b[0m\u001b[1m\u001b[38;5;12m|\u001b[0m\u001b[0m \u001b[0m\u001b[0m\u001b[1m\u001b[38;5;9m^^^^^^^^^\u001b[0m\u001b[0m \u001b[0m\u001b[0m\u001b[1m\u001b[38;5;9mthe trait `candid::types::CandidType` is not implemented for `LoanApplication`\u001b[0m\n\u001b[0m    \u001b[0m\u001b[0m\u001b[1m\u001b[38;5;12m|\u001b[0m\n\u001b[0m    \u001b[0m\u001b[0m\u001b[1m\u001b[38;5;12m= \u001b[0m\u001b[0m\u001b[1mhelp\u001b[0m\u001b[0m: the following other types implement trait `candid::types::CandidType`:\u001b[0m\n\u001b[0m              &T\u001b[0m\n\u001b[0m              &mut T\u001b[0m\n\u001b[0m              ()\u001b[0m\n\u001b[0m              (T0, T1)\u001b[0m\n\u001b[0m              (T0, T1, T2)\u001b[0m\n\u001b[0m              (T0, T1, T2, T3)\u001b[0m\n\u001b[0m              (T0, T1, T2, T3, T4)\u001b[0m\n\u001b[0m              (T0, T1, T2, T3, T4, T5)\u001b[0m\n\u001b[0m            and 116 others\u001b[0m\n\u001b[0m    \u001b[0m\u001b[0m\u001b[1m\u001b[38;5;12m= \u001b[0m\u001b[0m\u001b[1mnote\u001b[0m\u001b[0m: required for `(LoanApplication,)` to implement `candid::utils::ArgumentEncoder`\u001b[0m\n\u001b[0m\u001b[1m\u001b[38;5;10mnote\u001b[0m\u001b[0m: required by a bound in `reply`\u001b[0m\n\u001b[0m   \u001b[0m\u001b[0m\u001b[1m\u001b[38;5;12m--> \u001b[0m\u001b[0m/home/frank/.cargo/registry/src/index.crates.io-1949cf8c6b5b557f/ic-cdk-0.13.5/src/api/call.rs:622:17\u001b[0m\n\u001b[0m    \u001b[0m\u001b[0m\u001b[1m\u001b[38;5;12m|\u001b[0m\n\u001b[0m\u001b[1m\u001b[38;5;12m622\u001b[0m\u001b[0m \u001b[0m\u001b[0m\u001b[1m\u001b[38;5;12m|\u001b[0m\u001b[0m \u001b[0m\u001b[0mpub fn reply<T: ArgumentEncoder>(reply: T) {\u001b[0m\n\u001b[0m    \u001b[0m\u001b[0m\u001b[1m\u001b[38;5;12m|\u001b[0m\u001b[0m                 \u001b[0m\u001b[0m\u001b[1m\u001b[38;5;10m^^^^^^^^^^^^^^^\u001b[0m\u001b[0m \u001b[0m\u001b[0m\u001b[1m\u001b[38;5;10mrequired by this bound in `reply`\u001b[0m\n\u001b[0m    \u001b[0m\u001b[0m\u001b[1m\u001b[38;5;12m= \u001b[0m\u001b[0m\u001b[1mnote\u001b[0m\u001b[0m: this error originates in the attribute macro `update` (in Nightly builds, run with -Z macro-backtrace for more info)\u001b[0m\n\n"}
{"$message_type":"diagnostic","message":"binary operation `!=` cannot be applied to type `LoanStatus`","code":{"code":"E0369","explanation":"A binary operation was attempted on a type which doesn't support it.\n\nErroneous code example:\n\n```compile_fail,E0369\nlet x = 12f32; // error: binary operation `<<` cannot be applied to\n               //        type `f32`\n\nx << 2;\n```\n\nTo fix this error, please check that this type implements this binary\noperation. Example:\n\n```\nlet x = 12u32; // the `u32` type does implement it:\n               // https://doc.rust-lang.org/stable/std/ops/trait.Shl.html\n\nx << 2; // ok!\n```\n\nIt is also possible to overload most operators for your own type by\nimplementing traits from `std::ops`.\n\nString concatenation appends the string on the right to the string on the\nleft and may require reallocation. This requires ownership of the string\non the left. If something should be added to a string literal, move the\nliteral to the heap by allocating it with `to_owned()` like in\n`\"Your text\".to_owned()`.\n"},"level":"error","spans":[{"file_name":"backend/loans/src/lib.rs","byte_start":3022,"byte_end":3033,"line_start":123,"line_end":123,"column_start":12,"column_end":23,"is_primary":false,"text":[{"text":"        if loan.status != LoanStatus::Pending {","highlight_start":12,"highlight_end":23}],"label":"LoanStatus","suggested_replacement":null,"suggestion_applicability":null,"expansion":null},{"file_name":"backend/loans/src/lib.rs","byte_start":3037,"byte_end":3056,"line_start":123,"line_end":123,"column_start":27,"column_end":46,"is_primary":false,"text":[{"text":"        if loan.status != LoanStatus::Pending {","highlight_start":27,"highlight_end":46}],"label":"LoanStatus","suggested_replacement":null,"suggestion_applicability":null,"expansion":null},{"file_name":"backend/loans/src/lib.rs","byte_start":3034,"byte_end":3036,"line_start":123,"line_end":123,"column_start":24,"column_end":26,"is_primary":true,"text":[{"text":"        if loan.status != LoanStatus::Pending {","highlight_start":24,"highlight_end":26}],"label":null,"suggested_replacement":null,"suggestion_applicability":null,"expansion":null}],"children":[{"message":"an implementation of `PartialEq` might be missing for `LoanStatus`","code":null,"level":"note","spans":[{"file_name":"backend/loans/src/lib.rs","byte_start":221,"byte_end":236,"line_start":8,"line_end":8,"column_start":1,"column_end":16,"is_primary":true,"text":[{"text":"enum LoanStatus {","highlight_start":1,"highlight_end":16}],"label":"must implement `PartialEq`","suggested_replacement":null,"suggestion_applicability":null,"expansion":null}],"children":[],"rendered":null},{"message":"consider annotating `LoanStatus` with `#[derive(PartialEq)]`","code":null,"level":"help","spans":[{"file_name":"backend/loans/src/lib.rs","byte_start":221,"byte_end":221,"line_start":8,"line_end":8,"column_start":1,"column_end":1,"is_primary":true,"text":[{"text":"enum LoanStatus {","highlight_start":1,"highlight_end":1}],"label":null,"suggested_replacement":"#[derive(PartialEq)]\n","suggestion_applicability":"MaybeIncorrect","expansion":null}],"children":[],"rendered":null}],"rendered":"\u001b[0m\u001b[1m\u001b[38;5;9merror[E0369]\u001b[0m\u001b[0m\u001b[1m: binary operation `!=` cannot be applied to type `LoanStatus`\u001b[0m\n\u001b[0m   \u001b[0m\u001b[0m\u001b[1m\u001b[38;5;12m--> \u001b[0m\u001b[0mbackend/loans/src/lib.rs:123:24\u001b[0m\n\u001b[0m    \u001b[0m\u001b[0m\u001b[1m\u001b[38;5;12m|\u001b[0m\n\u001b[0m\u001b[1m\u001b[38;5;12m123\u001b[0m\u001b[0m \u001b[0m\u001b[0m\u001b[1m\u001b[38;5;12m|\u001b[0m\u001b[0m \u001b[0m\u001b[0m        if loan.status != LoanStatus::Pending {\u001b[0m\n\u001b[0m    \u001b[0m\u001b[0m\u001b[1m\u001b[38;5;12m|\u001b[0m\u001b[0m            \u001b[0m\u001b[0m\u001b[1m\u001b[38;5;12m-----------\u001b[0m\u001b[0m \u001b[0m\u001b[0m\u001b[1m\u001b[38;5;9m^^\u001b[0m\u001b[0m \u001b[0m\u001b[0m\u001b[1m\u001b[38;5;12m-------------------\u001b[0m\u001b[0m \u001b[0m\u001b[0m\u001b[1m\u001b[38;5;12mLoanStatus\u001b[0m\n\u001b[0m    \u001b[0m\u001b[0m\u001b[1m\u001b[38;5;12m|\u001b[0m\u001b[0m            \u001b[0m\u001b[0m\u001b[1m\u001b[38;5;12m|\u001b[0m\n\u001b[0m    \u001b[0m\u001b[0m\u001b[1m\u001b[38;5;12m|\u001b[0m\u001b[0m            \u001b[0m\u001b[0m\u001b[1m\u001b[38;5;12mLoanStatus\u001b[0m\n\u001b[0m    \u001b[0m\u001b[0m\u001b[1m\u001b[38;5;12m|\u001b[0m\n\u001b[0m\u001b[1m\u001b[38;5;10mnote\u001b[0m\u001b[0m: an implementation of `PartialEq` might be missing for `LoanStatus`\u001b[0m\n\u001b[0m   \u001b[0m\u001b[0m\u001b[1m\u001b[38;5;12m--> \u001b[0m\u001b[0mbackend/loans/src/lib.rs:8:1\u001b[0m\n\u001b[0m    \u001b[0m\u001b[0m\u001b[1m\u001b[38;5;12m|\u001b[0m\n\u001b[0m\u001b[1m\u001b[38;5;12m8\u001b[0m\u001b[0m   \u001b[0m\u001b[0m\u001b[1m\u001b[38;5;12m|\u001b[0m\u001b[0m \u001b[0m\u001b[0menum LoanStatus {\u001b[0m\n\u001b[0m    \u001b[0m\u001b[0m\u001b[1m\u001b[38;5;12m|\u001b[0m\u001b[0m \u001b[0m\u001b[0m\u001b[1m\u001b[38;5;10m^^^^^^^^^^^^^^^\u001b[0m\u001b[0m \u001b[0m\u001b[0m\u001b[1m\u001b[38;5;10mmust implement `PartialEq`\u001b[0m\n\u001b[0m\u001b[1m\u001b[38;5;14mhelp\u001b[0m\u001b[0m: consider annotating `LoanStatus` with `#[derive(PartialEq)]`\u001b[0m\n\u001b[0m    \u001b[0m\u001b[0m\u001b[1m\u001b[38;5;12m|\u001b[0m\n\u001b[0m\u001b[1m\u001b[38;5;12m8\u001b[0m\u001b[0m   \u001b[0m\u001b[0m\u001b[38;5;10m+ #[derive(PartialEq)]\u001b[0m\n\u001b[0m\u001b[1m\u001b[38;5;12m9\u001b[0m\u001b[0m   \u001b[0m\u001b[0m\u001b[1m\u001b[38;5;12m| \u001b[0m\u001b[0menum LoanStatus {\u001b[0m\n\u001b[0m    \u001b[0m\u001b[0m\u001b[1m\u001b[38;5;12m|\u001b[0m\n\n"}
{"$message_type":"diagnostic","message":"the trait bound `LoanApplication: candid::types::CandidType` is not satisfied","code":{"code":"E0277","explanation":"You tried to use a type which doesn't implement some trait in a place which\nexpected that trait.\n\nErroneous code example:\n\n```compile_fail,E0277\n// here we declare the Foo trait with a bar method\ntrait Foo {\n    fn bar(&self);\n}\n\n// we now declare a function which takes an object implementing the Foo trait\nfn some_func<T: Foo>(foo: T) {\n    foo.bar();\n}\n\nfn main() {\n    // we now call the method with the i32 type, which doesn't implement\n    // the Foo trait\n    some_func(5i32); // error: the trait bound `i32 : Foo` is not satisfied\n}\n```\n\nIn order to fix this error, verify that the type you're using does implement\nthe trait. Example:\n\n```\ntrait Foo {\n    fn bar(&self);\n}\n\n// we implement the trait on the i32 type\nimpl Foo for i32 {\n    fn bar(&self) {}\n}\n\nfn some_func<T: Foo>(foo: T) {\n    foo.bar(); // we can now use this method since i32 implements the\n               // Foo trait\n}\n\nfn main() {\n    some_func(5i32); // ok!\n}\n```\n\nOr in a generic context, an erroneous code example would look like:\n\n```compile_fail,E0277\nfn some_func<T>(foo: T) {\n    println!(\"{:?}\", foo); // error: the trait `core::fmt::Debug` is not\n                           //        implemented for the type `T`\n}\n\nfn main() {\n    // We now call the method with the i32 type,\n    // which *does* implement the Debug trait.\n    some_func(5i32);\n}\n```\n\nNote that the error here is in the definition of the generic function. Although\nwe only call it with a parameter that does implement `Debug`, the compiler\nstill rejects the function. It must work with all possible input types. In\norder to make this example compile, we need to restrict the generic type we're\naccepting:\n\n```\nuse std::fmt;\n\n// Restrict the input type to types that implement Debug.\nfn some_func<T: fmt::Debug>(foo: T) {\n    println!(\"{:?}\", foo);\n}\n\nfn main() {\n    // Calling the method is still fine, as i32 implements Debug.\n    some_func(5i32);\n\n    // This would fail to compile now:\n    // struct WithoutDebug;\n    // some_func(WithoutDebug);\n}\n```\n\nRust only looks at the signature of the called function, as such it must\nalready specify all requirements that will be used for every type parameter.\n"},"level":"error","spans":[{"file_name":"backend/loans/src/lib.rs","byte_start":3296,"byte_end":3305,"line_start":134,"line_end":134,"column_start":1,"column_end":10,"is_primary":true,"text":[{"text":"#[update]","highlight_start":1,"highlight_end":10}],"label":"the trait `candid::types::CandidType` is not implemented for `LoanApplication`","suggested_replacement":null,"suggestion_applicability":null,"expansion":{"span":{"file_name":"backend/loans/src/lib.rs","byte_start":3296,"byte_end":3305,"line_start":134,"line_end":134,"column_start":1,"column_end":10,"is_primary":false,"text":[{"text":"#[update]","highlight_start":1,"highlight_end":10}],"label":null,"suggested_replacement":null,"suggestion_applicability":null,"expansion":null},"macro_decl_name":"#[update]","def_site_span":{"file_name":"/home/frank/.cargo/registry/src/index.crates.io-1949cf8c6b5b557f/ic-cdk-macros-0.13.2/src/lib.rs","byte_start":6125,"byte_end":6191,"line_start":226,"line_end":226,"column_start":1,"column_end":67,"is_primary":false,"text":[{"text":"pub fn update(attr: TokenStream, item: TokenStream) -> TokenStream {","highlight_start":1,"highlight_end":67}],"label":null,"suggested_replacement":null,"suggestion_applicability":null,"expansion":null}}}],"children":[{"message":"the following other types implement trait `candid::types::CandidType`:\n  &T\n  &mut T\n  ()\n  (T0, T1)\n  (T0, T1, T2)\n  (T0, T1, T2, T3)\n  (T0, T1, T2, T3, T4)\n  (T0, T1, T2, T3, T4, T5)\nand 116 others","code":null,"level":"help","spans":[],"children":[],"rendered":null},{"message":"required for `(LoanApplication,)` to implement `candid::utils::ArgumentEncoder`","code":null,"level":"note","spans":[],"children":[],"rendered":null},{"message":"required by a bound in `reply`","code":null,"level":"note","spans":[{"file_name":"/home/frank/.cargo/registry/src/index.crates.io-1949cf8c6b5b557f/ic-cdk-0.13.5/src/api/call.rs","byte_start":23670,"byte_end":23685,"line_start":622,"line_end":622,"column_start":17,"column_end":32,"is_primary":true,"text":[{"text":"pub fn reply<T: ArgumentEncoder>(reply: T) {","highlight_start":17,"highlight_end":32}],"label":"required by this bound in `reply`","suggested_replacement":null,"suggestion_applicability":null,"expansion":null}],"children":[],"rendered":null}],"rendered":"\u001b[0m\u001b[1m\u001b[38;5;9merror[E0277]\u001b[0m\u001b[0m\u001b[1m: the trait bound `LoanApplication: candid::types::CandidType` is not satisfied\u001b[0m\n\u001b[0m   \u001b[0m\u001b[0m\u001b[1m\u001b[38;5;12m--> \u001b[0m\u001b[0mbackend/loans/src/lib.rs:134:1\u001b[0m\n\u001b[0m    \u001b[0m\u001b[0m\u001b[1m\u001b[38;5;12m|\u001b[0m\n\u001b[0m\u001b[1m\u001b[38;5;12m134\u001b[0m\u001b[0m \u001b[0m\u001b[0m\u001b[1m\u001b[38;5;12m|\u001b[0m\u001b[0m \u001b[0m\u001b[0m#[update]\u001b[0m\n\u001b[0m    \u001b[0m\u001b[0m\u001b[1m\u001b[38;5;12m|\u001b[0m\u001b[0m \u001b[0m\u001b[0m\u001b[1m\u001b[38;5;9m^^^^^^^^^\u001b[0m\u001b[0m \u001b[0m\u001b[0m\u001b[1m\u001b[38;5;9mthe trait `candid::types::CandidType` is not implemented for `LoanApplication`\u001b[0m\n\u001b[0m    \u001b[0m\u001b[0m\u001b[1m\u001b[38;5;12m|\u001b[0m\n\u001b[0m    \u001b[0m\u001b[0m\u001b[1m\u001b[38;5;12m= \u001b[0m\u001b[0m\u001b[1mhelp\u001b[0m\u001b[0m: the following other types implement trait `candid::types::CandidType`:\u001b[0m\n\u001b[0m              &T\u001b[0m\n\u001b[0m              &mut T\u001b[0m\n\u001b[0m              ()\u001b[0m\n\u001b[0m              (T0, T1)\u001b[0m\n\u001b[0m              (T0, T1, T2)\u001b[0m\n\u001b[0m              (T0, T1, T2, T3)\u001b[0m\n\u001b[0m              (T0, T1, T2, T3, T4)\u001b[0m\n\u001b[0m              (T0, T1, T2, T3, T4, T5)\u001b[0m\n\u001b[0m            and 116 others\u001b[0m\n\u001b[0m    \u001b[0m\u001b[0m\u001b[1m\u001b[38;5;12m= \u001b[0m\u001b[0m\u001b[1mnote\u001b[0m\u001b[0m: required for `(LoanApplication,)` to implement `candid::utils::ArgumentEncoder`\u001b[0m\n\u001b[0m\u001b[1m\u001b[38;5;10mnote\u001b[0m\u001b[0m: required by a bound in `reply`\u001b[0m\n\u001b[0m   \u001b[0m\u001b[0m\u001b[1m\u001b[38;5;12m--> \u001b[0m\u001b[0m/home/frank/.cargo/registry/src/index.crates.io-1949cf8c6b5b557f/ic-cdk-0.13.5/src/api/call.rs:622:17\u001b[0m\n\u001b[0m    \u001b[0m\u001b[0m\u001b[1m\u001b[38;5;12m|\u001b[0m\n\u001b[0m\u001b[1m\u001b[38;5;12m622\u001b[0m\u001b[0m \u001b[0m\u001b[0m\u001b[1m\u001b[38;5;12m|\u001b[0m\u001b[0m \u001b[0m\u001b[0mpub fn reply<T: ArgumentEncoder>(reply: T) {\u001b[0m\n\u001b[0m    \u001b[0m\u001b[0m\u001b[1m\u001b[38;5;12m|\u001b[0m\u001b[0m                 \u001b[0m\u001b[0m\u001b[1m\u001b[38;5;10m^^^^^^^^^^^^^^^\u001b[0m\u001b[0m \u001b[0m\u001b[0m\u001b[1m\u001b[38;5;10mrequired by this bound in `reply`\u001b[0m\n\u001b[0m    \u001b[0m\u001b[0m\u001b[1m\u001b[38;5;12m= \u001b[0m\u001b[0m\u001b[1mnote\u001b[0m\u001b[0m: this error originates in the attribute macro `update` (in Nightly builds, run with -Z macro-backtrace for more info)\u001b[0m\n\n"}
{"$message_type":"diagnostic","message":"binary operation `!=` cannot be applied to type `LoanStatus`","code":{"code":"E0369","explanation":"A binary operation was attempted on a type which doesn't support it.\n\nErroneous code example:\n\n```compile_fail,E0369\nlet x = 12f32; // error: binary operation `<<` cannot be applied to\n               //        type `f32`\n\nx << 2;\n```\n\nTo fix this error, please check that this type implements this binary\noperation. Example:\n\n```\nlet x = 12u32; // the `u32` type does implement it:\n               // https://doc.rust-lang.org/stable/std/ops/trait.Shl.html\n\nx << 2; // ok!\n```\n\nIt is also possible to overload most operators for your own type by\nimplementing traits from `std::ops`.\n\nString concatenation appends the string on the right to the string on the\nleft and may require reallocation. This requires ownership of the string\non the left. If something should be added to a string literal, move the\nliteral to the heap by allocating it with `to_owned()` like in\n`\"Your text\".to_owned()`.\n"},"level":"error","spans":[{"file_name":"backend/loans/src/lib.rs","byte_start":3499,"byte_end":3510,"line_start":140,"line_end":140,"column_start":12,"column_end":23,"is_primary":false,"text":[{"text":"        if loan.status != LoanStatus::Pending {","highlight_start":12,"highlight_end":23}],"label":"LoanStatus","suggested_replacement":null,"suggestion_applicability":null,"expansion":null},{"file_name":"backend/loans/src/lib.rs","byte_start":3514,"byte_end":3533,"line_start":140,"line_end":140,"column_start":27,"column_end":46,"is_primary":false,"text":[{"text":"        if loan.status != LoanStatus::Pending {","highlight_start":27,"highlight_end":46}],"label":"LoanStatus","suggested_replacement":null,"suggestion_applicability":null,"expansion":null},{"file_name":"backend/loans/src/lib.rs","byte_start":3511,"byte_end":3513,"line_start":140,"line_end":140,"column_start":24,"column_end":26,"is_primary":true,"text":[{"text":"        if loan.status != LoanStatus::Pending {","highlight_start":24,"highlight_end":26}],"label":null,"suggested_replacement":null,"suggestion_applicability":null,"expansion":null}],"children":[{"message":"an implementation of `PartialEq` might be missing for `LoanStatus`","code":null,"level":"note","spans":[{"file_name":"backend/loans/src/lib.rs","byte_start":221,"byte_end":236,"line_start":8,"line_end":8,"column_start":1,"column_end":16,"is_primary":true,"text":[{"text":"enum LoanStatus {","highlight_start":1,"highlight_end":16}],"label":"must implement `PartialEq`","suggested_replacement":null,"suggestion_applicability":null,"expansion":null}],"children":[],"rendered":null},{"message":"consider annotating `LoanStatus` with `#[derive(PartialEq)]`","code":null,"level":"help","spans":[{"file_name":"backend/loans/src/lib.rs","byte_start":221,"byte_end":221,"line_start":8,"line_end":8,"column_start":1,"column_end":1,"is_primary":true,"text":[{"text":"enum LoanStatus {","highlight_start":1,"highlight_end":1}],"label":null,"suggested_replacement":"#[derive(PartialEq)]\n","suggestion_applicability":"MaybeIncorrect","expansion":null}],"children":[],"rendered":null}],"rendered":"\u001b[0m\u001b[1m\u001b[38;5;9merror[E0369]\u001b[0m\u001b[0m\u001b[1m: binary operation `!=` cannot be applied to type `LoanStatus`\u001b[0m\n\u001b[0m   \u001b[0m\u001b[0m\u001b[1m\u001b[38;5;12m--> \u001b[0m\u001b[0mbackend/loans/src/lib.rs:140:24\u001b[0m\n\u001b[0m    \u001b[0m\u001b[0m\u001b[1m\u001b[38;5;12m|\u001b[0m\n\u001b[0m\u001b[1m\u001b[38;5;12m140\u001b[0m\u001b[0m \u001b[0m\u001b[0m\u001b[1m\u001b[38;5;12m|\u001b[0m\u001b[0m \u001b[0m\u001b[0m        if loan.status != LoanStatus::Pending {\u001b[0m\n\u001b[0m    \u001b[0m\u001b[0m\u001b[1m\u001b[38;5;12m|\u001b[0m\u001b[0m            \u001b[0m\u001b[0m\u001b[1m\u001b[38;5;12m-----------\u001b[0m\u001b[0m \u001b[0m\u001b[0m\u001b[1m\u001b[38;5;9m^^\u001b[0m\u001b[0m \u001b[0m\u001b[0m\u001b[1m\u001b[38;5;12m-------------------\u001b[0m\u001b[0m \u001b[0m\u001b[0m\u001b[1m\u001b[38;5;12mLoanStatus\u001b[0m\n\u001b[0m    \u001b[0m\u001b[0m\u001b[1m\u001b[38;5;12m|\u001b[0m\u001b[0m            \u001b[0m\u001b[0m\u001b[1m\u001b[38;5;12m|\u001b[0m\n\u001b[0m    \u001b[0m\u001b[0m\u001b[1m\u001b[38;5;12m|\u001b[0m\u001b[0m            \u001b[0m\u001b[0m\u001b[1m\u001b[38;5;12mLoanStatus\u001b[0m\n\u001b[0m    \u001b[0m\u001b[0m\u001b[1m\u001b[38;5;12m|\u001b[0m\n\u001b[0m\u001b[1m\u001b[38;5;10mnote\u001b[0m\u001b[0m: an implementation of `PartialEq` might be missing for `LoanStatus`\u001b[0m\n\u001b[0m   \u001b[0m\u001b[0m\u001b[1m\u001b[38;5;12m--> \u001b[0m\u001b[0mbackend/loans/src/lib.rs:8:1\u001b[0m\n\u001b[0m    \u001b[0m\u001b[0m\u001b[1m\u001b[38;5;12m|\u001b[0m\n\u001b[0m\u001b[1m\u001b[38;5;12m8\u001b[0m\u001b[0m   \u001b[0m\u001b[0m\u001b[1m\u001b[38;5;12m|\u001b[0m\u001b[0m \u001b[0m\u001b[0menum LoanStatus {\u001b[0m\n\u001b[0m    \u001b[0m\u001b[0m\u001b[1m\u001b[38;5;12m|\u001b[0m\u001b[0m \u001b[0m\u001b[0m\u001b[1m\u001b[38;5;10m^^^^^^^^^^^^^^^\u001b[0m\u001b[0m \u001b[0m\u001b[0m\u001b[1m\u001b[38;5;10mmust implement `PartialEq`\u001b[0m\n\u001b[0m\u001b[1m\u001b[38;5;14mhelp\u001b[0m\u001b[0m: consider annotating `LoanStatus` with `#[derive(PartialEq)]`\u001b[0m\n\u001b[0m    \u001b[0m\u001b[0m\u001b[1m\u001b[38;5;12m|\u001b[0m\n\u001b[0m\u001b[1m\u001b[38;5;12m8\u001b[0m\u001b[0m   \u001b[0m\u001b[0m\u001b[38;5;10m+ #[derive(PartialEq)]\u001b[0m\n\u001b[0m\u001b[1m\u001b[38;5;12m9\u001b[0m\u001b[0m   \u001b[0m\u001b[0m\u001b[1m\u001b[38;5;12m| \u001b[0m\u001b[0menum LoanStatus {\u001b[0m\n\u001b[0m    \u001b[0m\u001b[0m\u001b[1m\u001b[38;5;12m|\u001b[0m\n\n"}
{"$message_type":"diagnostic","message":"the trait bound `LoanPayment: candid::types::CandidType` is not satisfied","code":{"code":"E0277","explanation":"You tried to use a type which doesn't implement some trait in a place which\nexpected that trait.\n\nErroneous code example:\n\n```compile_fail,E0277\n// here we declare the Foo trait with a bar method\ntrait Foo {\n    fn bar(&self);\n}\n\n// we now declare a function which takes an object implementing the Foo trait\nfn some_func<T: Foo>(foo: T) {\n    foo.bar();\n}\n\nfn main() {\n    // we now call the method with the i32 type, which doesn't implement\n    // the Foo trait\n    some_func(5i32); // error: the trait bound `i32 : Foo` is not satisfied\n}\n```\n\nIn order to fix this error, verify that the type you're using does implement\nthe trait. Example:\n\n```\ntrait Foo {\n    fn bar(&self);\n}\n\n// we implement the trait on the i32 type\nimpl Foo for i32 {\n    fn bar(&self) {}\n}\n\nfn some_func<T: Foo>(foo: T) {\n    foo.bar(); // we can now use this method since i32 implements the\n               // Foo trait\n}\n\nfn main() {\n    some_func(5i32); // ok!\n}\n```\n\nOr in a generic context, an erroneous code example would look like:\n\n```compile_fail,E0277\nfn some_func<T>(foo: T) {\n    println!(\"{:?}\", foo); // error: the trait `core::fmt::Debug` is not\n                           //        implemented for the type `T`\n}\n\nfn main() {\n    // We now call the method with the i32 type,\n    // which *does* implement the Debug trait.\n    some_func(5i32);\n}\n```\n\nNote that the error here is in the definition of the generic function. Although\nwe only call it with a parameter that does implement `Debug`, the compiler\nstill rejects the function. It must work with all possible input types. In\norder to make this example compile, we need to restrict the generic type we're\naccepting:\n\n```\nuse std::fmt;\n\n// Restrict the input type to types that implement Debug.\nfn some_func<T: fmt::Debug>(foo: T) {\n    println!(\"{:?}\", foo);\n}\n\nfn main() {\n    // Calling the method is still fine, as i32 implements Debug.\n    some_func(5i32);\n\n    // This would fail to compile now:\n    // struct WithoutDebug;\n    // some_func(WithoutDebug);\n}\n```\n\nRust only looks at the signature of the called function, as such it must\nalready specify all requirements that will be used for every type parameter.\n"},"level":"error","spans":[{"file_name":"backend/loans/src/lib.rs","byte_start":3675,"byte_end":3684,"line_start":149,"line_end":149,"column_start":1,"column_end":10,"is_primary":true,"text":[{"text":"#[update]","highlight_start":1,"highlight_end":10}],"label":"the trait `candid::types::CandidType` is not implemented for `LoanPayment`","suggested_replacement":null,"suggestion_applicability":null,"expansion":{"span":{"file_name":"backend/loans/src/lib.rs","byte_start":3675,"byte_end":3684,"line_start":149,"line_end":149,"column_start":1,"column_end":10,"is_primary":false,"text":[{"text":"#[update]","highlight_start":1,"highlight_end":10}],"label":null,"suggested_replacement":null,"suggestion_applicability":null,"expansion":null},"macro_decl_name":"#[update]","def_site_span":{"file_name":"/home/frank/.cargo/registry/src/index.crates.io-1949cf8c6b5b557f/ic-cdk-macros-0.13.2/src/lib.rs","byte_start":6125,"byte_end":6191,"line_start":226,"line_end":226,"column_start":1,"column_end":67,"is_primary":false,"text":[{"text":"pub fn update(attr: TokenStream, item: TokenStream) -> TokenStream {","highlight_start":1,"highlight_end":67}],"label":null,"suggested_replacement":null,"suggestion_applicability":null,"expansion":null}}}],"children":[{"message":"the following other types implement trait `candid::types::CandidType`:\n  &T\n  &mut T\n  ()\n  (T0, T1)\n  (T0, T1, T2)\n  (T0, T1, T2, T3)\n  (T0, T1, T2, T3, T4)\n  (T0, T1, T2, T3, T4, T5)\nand 116 others","code":null,"level":"help","spans":[],"children":[],"rendered":null},{"message":"required for `(LoanPayment,)` to implement `candid::utils::ArgumentEncoder`","code":null,"level":"note","spans":[],"children":[],"rendered":null},{"message":"required by a bound in `reply`","code":null,"level":"note","spans":[{"file_name":"/home/frank/.cargo/registry/src/index.crates.io-1949cf8c6b5b557f/ic-cdk-0.13.5/src/api/call.rs","byte_start":23670,"byte_end":23685,"line_start":622,"line_end":622,"column_start":17,"column_end":32,"is_primary":true,"text":[{"text":"pub fn reply<T: ArgumentEncoder>(reply: T) {","highlight_start":17,"highlight_end":32}],"label":"required by this bound in `reply`","suggested_replacement":null,"suggestion_applicability":null,"expansion":null}],"children":[],"rendered":null}],"rendered":"\u001b[0m\u001b[1m\u001b[38;5;9merror[E0277]\u001b[0m\u001b[0m\u001b[1m: the trait bound `LoanPayment: candid::types::CandidType` is not satisfied\u001b[0m\n\u001b[0m   \u001b[0m\u001b[0m\u001b[1m\u001b[38;5;12m--> \u001b[0m\u001b[0mbackend/loans/src/lib.rs:149:1\u001b[0m\n\u001b[0m    \u001b[0m\u001b[0m\u001b[1m\u001b[38;5;12m|\u001b[0m\n\u001b[0m\u001b[1m\u001b[38;5;12m149\u001b[0m\u001b[0m \u001b[0m\u001b[0m\u001b[1m\u001b[38;5;12m|\u001b[0m\u001b[0m \u001b[0m\u001b[0m#[update]\u001b[0m\n\u001b[0m    \u001b[0m\u001b[0m\u001b[1m\u001b[38;5;12m|\u001b[0m\u001b[0m \u001b[0m\u001b[0m\u001b[1m\u001b[38;5;9m^^^^^^^^^\u001b[0m\u001b[0m \u001b[0m\u001b[0m\u001b[1m\u001b[38;5;9mthe trait `candid::types::CandidType` is not implemented for `LoanPayment`\u001b[0m\n\u001b[0m    \u001b[0m\u001b[0m\u001b[1m\u001b[38;5;12m|\u001b[0m\n\u001b[0m    \u001b[0m\u001b[0m\u001b[1m\u001b[38;5;12m= \u001b[0m\u001b[0m\u001b[1mhelp\u001b[0m\u001b[0m: the following other types implement trait `candid::types::CandidType`:\u001b[0m\n\u001b[0m              &T\u001b[0m\n\u001b[0m              &mut T\u001b[0m\n\u001b[0m              ()\u001b[0m\n\u001b[0m              (T0, T1)\u001b[0m\n\u001b[0m              (T0, T1, T2)\u001b[0m\n\u001b[0m              (T0, T1, T2, T3)\u001b[0m\n\u001b[0m              (T0, T1, T2, T3, T4)\u001b[0m\n\u001b[0m              (T0, T1, T2, T3, T4, T5)\u001b[0m\n\u001b[0m            and 116 others\u001b[0m\n\u001b[0m    \u001b[0m\u001b[0m\u001b[1m\u001b[38;5;12m= \u001b[0m\u001b[0m\u001b[1mnote\u001b[0m\u001b[0m: required for `(LoanPayment,)` to implement `candid::utils::ArgumentEncoder`\u001b[0m\n\u001b[0m\u001b[1m\u001b[38;5;10mnote\u001b[0m\u001b[0m: required by a bound in `reply`\u001b[0m\n\u001b[0m   \u001b[0m\u001b[0m\u001b[1m\u001b[38;5;12m--> \u001b[0m\u001b[0m/home/frank/.cargo/registry/src/index.crates.io-1949cf8c6b5b557f/ic-cdk-0.13.5/src/api/call.rs:622:17\u001b[0m\n\u001b[0m    \u001b[0m\u001b[0m\u001b[1m\u001b[38;5;12m|\u001b[0m\n\u001b[0m\u001b[1m\u001b[38;5;12m622\u001b[0m\u001b[0m \u001b[0m\u001b[0m\u001b[1m\u001b[38;5;12m|\u001b[0m\u001b[0m \u001b[0m\u001b[0mpub fn reply<T: ArgumentEncoder>(reply: T) {\u001b[0m\n\u001b[0m    \u001b[0m\u001b[0m\u001b[1m\u001b[38;5;12m|\u001b[0m\u001b[0m                 \u001b[0m\u001b[0m\u001b[1m\u001b[38;5;10m^^^^^^^^^^^^^^^\u001b[0m\u001b[0m \u001b[0m\u001b[0m\u001b[1m\u001b[38;5;10mrequired by this bound in `reply`\u001b[0m\n\u001b[0m    \u001b[0m\u001b[0m\u001b[1m\u001b[38;5;12m= \u001b[0m\u001b[0m\u001b[1mnote\u001b[0m\u001b[0m: this error originates in the attribute macro `update` (in Nightly builds, run with -Z macro-backtrace for more info)\u001b[0m\n\n"}
{"$message_type":"diagnostic","message":"the trait bound `LoanPayment: candid::types::CandidType` is not satisfied","code":{"code":"E0277","explanation":"You tried to use a type which doesn't implement some trait in a place which\nexpected that trait.\n\nErroneous code example:\n\n```compile_fail,E0277\n// here we declare the Foo trait with a bar method\ntrait Foo {\n    fn bar(&self);\n}\n\n// we now declare a function which takes an object implementing the Foo trait\nfn some_func<T: Foo>(foo: T) {\n    foo.bar();\n}\n\nfn main() {\n    // we now call the method with the i32 type, which doesn't implement\n    // the Foo trait\n    some_func(5i32); // error: the trait bound `i32 : Foo` is not satisfied\n}\n```\n\nIn order to fix this error, verify that the type you're using does implement\nthe trait. Example:\n\n```\ntrait Foo {\n    fn bar(&self);\n}\n\n// we implement the trait on the i32 type\nimpl Foo for i32 {\n    fn bar(&self) {}\n}\n\nfn some_func<T: Foo>(foo: T) {\n    foo.bar(); // we can now use this method since i32 implements the\n               // Foo trait\n}\n\nfn main() {\n    some_func(5i32); // ok!\n}\n```\n\nOr in a generic context, an erroneous code example would look like:\n\n```compile_fail,E0277\nfn some_func<T>(foo: T) {\n    println!(\"{:?}\", foo); // error: the trait `core::fmt::Debug` is not\n                           //        implemented for the type `T`\n}\n\nfn main() {\n    // We now call the method with the i32 type,\n    // which *does* implement the Debug trait.\n    some_func(5i32);\n}\n```\n\nNote that the error here is in the definition of the generic function. Although\nwe only call it with a parameter that does implement `Debug`, the compiler\nstill rejects the function. It must work with all possible input types. In\norder to make this example compile, we need to restrict the generic type we're\naccepting:\n\n```\nuse std::fmt;\n\n// Restrict the input type to types that implement Debug.\nfn some_func<T: fmt::Debug>(foo: T) {\n    println!(\"{:?}\", foo);\n}\n\nfn main() {\n    // Calling the method is still fine, as i32 implements Debug.\n    some_func(5i32);\n\n    // This would fail to compile now:\n    // struct WithoutDebug;\n    // some_func(WithoutDebug);\n}\n```\n\nRust only looks at the signature of the called function, as such it must\nalready specify all requirements that will be used for every type parameter.\n"},"level":"error","spans":[{"file_name":"backend/loans/src/lib.rs","byte_start":4530,"byte_end":4538,"line_start":179,"line_end":179,"column_start":1,"column_end":9,"is_primary":true,"text":[{"text":"#[query]","highlight_start":1,"highlight_end":9}],"label":"the trait `candid::types::CandidType` is not implemented for `LoanPayment`","suggested_replacement":null,"suggestion_applicability":null,"expansion":{"span":{"file_name":"backend/loans/src/lib.rs","byte_start":4530,"byte_end":4538,"line_start":179,"line_end":179,"column_start":1,"column_end":9,"is_primary":false,"text":[{"text":"#[query]","highlight_start":1,"highlight_end":9}],"label":null,"suggested_replacement":null,"suggestion_applicability":null,"expansion":null},"macro_decl_name":"#[query]","def_site_span":{"file_name":"/home/frank/.cargo/registry/src/index.crates.io-1949cf8c6b5b557f/ic-cdk-macros-0.13.2/src/lib.rs","byte_start":4105,"byte_end":4170,"line_start":149,"line_end":149,"column_start":1,"column_end":66,"is_primary":false,"text":[{"text":"pub fn query(attr: TokenStream, item: TokenStream) -> TokenStream {","highlight_start":1,"highlight_end":66}],"label":null,"suggested_replacement":null,"suggestion_applicability":null,"expansion":null}}}],"children":[{"message":"the following other types implement trait `candid::types::CandidType`:\n  &T\n  &mut T\n  ()\n  (T0, T1)\n  (T0, T1, T2)\n  (T0, T1, T2, T3)\n  (T0, T1, T2, T3, T4)\n  (T0, T1, T2, T3, T4, T5)\nand 116 others","code":null,"level":"help","spans":[],"children":[],"rendered":null},{"message":"required for `Vec<LoanPayment>` to implement `candid::types::CandidType`","code":null,"level":"note","spans":[],"children":[],"rendered":null},{"message":"required for `(Vec<LoanPayment>,)` to implement `candid::utils::ArgumentEncoder`","code":null,"level":"note","spans":[],"children":[],"rendered":null},{"message":"required by a bound in `reply`","code":null,"level":"note","spans":[{"file_name":"/home/frank/.cargo/registry/src/index.crates.io-1949cf8c6b5b557f/ic-cdk-0.13.5/src/api/call.rs","byte_start":23670,"byte_end":23685,"line_start":622,"line_end":622,"column_start":17,"column_end":32,"is_primary":true,"text":[{"text":"pub fn reply<T: ArgumentEncoder>(reply: T) {","highlight_start":17,"highlight_end":32}],"label":"required by this bound in `reply`","suggested_replacement":null,"suggestion_applicability":null,"expansion":null}],"children":[],"rendered":null}],"rendered":"\u001b[0m\u001b[1m\u001b[38;5;9merror[E0277]\u001b[0m\u001b[0m\u001b[1m: the trait bound `LoanPayment: candid::types::CandidType` is not satisfied\u001b[0m\n\u001b[0m   \u001b[0m\u001b[0m\u001b[1m\u001b[38;5;12m--> \u001b[0m\u001b[0mbackend/loans/src/lib.rs:179:1\u001b[0m\n\u001b[0m    \u001b[0m\u001b[0m\u001b[1m\u001b[38;5;12m|\u001b[0m\n\u001b[0m\u001b[1m\u001b[38;5;12m179\u001b[0m\u001b[0m \u001b[0m\u001b[0m\u001b[1m\u001b[38;5;12m|\u001b[0m\u001b[0m \u001b[0m\u001b[0m#[query]\u001b[0m\n\u001b[0m    \u001b[0m\u001b[0m\u001b[1m\u001b[38;5;12m|\u001b[0m\u001b[0m \u001b[0m\u001b[0m\u001b[1m\u001b[38;5;9m^^^^^^^^\u001b[0m\u001b[0m \u001b[0m\u001b[0m\u001b[1m\u001b[38;5;9mthe trait `candid::types::CandidType` is not implemented for `LoanPayment`\u001b[0m\n\u001b[0m    \u001b[0m\u001b[0m\u001b[1m\u001b[38;5;12m|\u001b[0m\n\u001b[0m    \u001b[0m\u001b[0m\u001b[1m\u001b[38;5;12m= \u001b[0m\u001b[0m\u001b[1mhelp\u001b[0m\u001b[0m: the following other types implement trait `candid::types::CandidType`:\u001b[0m\n\u001b[0m              &T\u001b[0m\n\u001b[0m              &mut T\u001b[0m\n\u001b[0m              ()\u001b[0m\n\u001b[0m              (T0, T1)\u001b[0m\n\u001b[0m              (T0, T1, T2)\u001b[0m\n\u001b[0m              (T0, T1, T2, T3)\u001b[0m\n\u001b[0m              (T0, T1, T2, T3, T4)\u001b[0m\n\u001b[0m              (T0, T1, T2, T3, T4, T5)\u001b[0m\n\u001b[0m            and 116 others\u001b[0m\n\u001b[0m    \u001b[0m\u001b[0m\u001b[1m\u001b[38;5;12m= \u001b[0m\u001b[0m\u001b[1mnote\u001b[0m\u001b[0m: required for `Vec<LoanPayment>` to implement `candid::types::CandidType`\u001b[0m\n\u001b[0m    \u001b[0m\u001b[0m\u001b[1m\u001b[38;5;12m= \u001b[0m\u001b[0m\u001b[1mnote\u001b[0m\u001b[0m: required for `(Vec<LoanPayment>,)` to implement `candid::utils::ArgumentEncoder`\u001b[0m\n\u001b[0m\u001b[1m\u001b[38;5;10mnote\u001b[0m\u001b[0m: required by a bound in `reply`\u001b[0m\n\u001b[0m   \u001b[0m\u001b[0m\u001b[1m\u001b[38;5;12m--> \u001b[0m\u001b[0m/home/frank/.cargo/registry/src/index.crates.io-1949cf8c6b5b557f/ic-cdk-0.13.5/src/api/call.rs:622:17\u001b[0m\n\u001b[0m    \u001b[0m\u001b[0m\u001b[1m\u001b[38;5;12m|\u001b[0m\n\u001b[0m\u001b[1m\u001b[38;5;12m622\u001b[0m\u001b[0m \u001b[0m\u001b[0m\u001b[1m\u001b[38;5;12m|\u001b[0m\u001b[0m \u001b[0m\u001b[0mpub fn reply<T: ArgumentEncoder>(reply: T) {\u001b[0m\n\u001b[0m    \u001b[0m\u001b[0m\u001b[1m\u001b[38;5;12m|\u001b[0m\u001b[0m                 \u001b[0m\u001b[0m\u001b[1m\u001b[38;5;10m^^^^^^^^^^^^^^^\u001b[0m\u001b[0m \u001b[0m\u001b[0m\u001b[1m\u001b[38;5;10mrequired by this bound in `reply`\u001b[0m\n\u001b[0m    \u001b[0m\u001b[0m\u001b[1m\u001b[38;5;12m= \u001b[0m\u001b[0m\u001b[1mnote\u001b[0m\u001b[0m: this error originates in the attribute macro `query` (in Nightly builds, run with -Z macro-backtrace for more info)\u001b[0m\n\n"}
{"$message_type":"diagnostic","message":"aborting due to 20 previous errors","code":null,"level":"error","spans":[],"children":[],"rendered":"\u001b[0m\u001b[1m\u001b[38;5;9merror\u001b[0m\u001b[0m\u001b[1m: aborting due to 20 previous errors\u001b[0m\n\n"}
{"$message_type":"diagnostic","message":"Some errors have detailed explanations: E0277, E0369, E0433, E0728.","code":null,"level":"failure-note","spans":[],"children":[],"rendered":"\u001b[0m\u001b[1mSome errors have detailed explanations: E0277, E0369, E0433, E0728.\u001b[0m\n"}
{"$message_type":"diagnostic","message":"For more information about an error, try `rustc --explain E0277`.","code":null,"level":"failure-note","spans":[],"children":[],"rendered":"\u001b[0m\u001b[1mFor more information about an error, try `rustc --explain E0277`.\u001b[0m\n"}
